2025-02-25 18:16:12,611 - Main - INFO - Python version: 3.10.0 (tags/v3.10.0:b494f59, Oct  4 2021, 19:00:18) [MSC v.1929 64 bit (AMD64)]
2025-02-25 18:16:12,612 - Main - INFO - Number of CPUs: 8
2025-02-25 18:16:12,612 - Main - INFO - Torch CUDA available: False
2025-02-25 18:16:12,612 - Main - INFO - Starting server process...
2025-02-25 18:16:12,621 - Main - INFO - Waiting for server to initialize...
2025-02-25 18:16:17,623 - Main - INFO - Starting 3 client processes...
2025-02-25 18:16:17,623 - Main - INFO - Starting client 0 process...
2025-02-25 18:16:18,641 - Main - INFO - Starting client 1 process...
2025-02-25 18:16:19,648 - Main - INFO - Starting client 2 process...
2025-02-25 18:16:20,665 - Main - INFO - All processes started. Waiting for completion...
2025-02-25 18:16:20,665 - Main - INFO - Waiting for Server process to complete...
2025-02-25 18:16:24,979 - DataLoader - INFO - Total dataset size: 10943
2025-02-25 18:16:24,980 - DataLoader - INFO - Class distribution: {1: 5556, 0: 5387}
2025-02-25 18:16:24,987 - DataLoader - INFO - Client 0 - Train samples: 2917, Test samples: 730
2025-02-25 18:16:24,987 - DataLoader - INFO - Client 0 - Train class distribution: {1: 1472, 0: 1445}
2025-02-25 18:16:24,987 - DataLoader - INFO - Client 0 - Test class distribution: {1: 378, 0: 352}
2025-02-25 18:16:24,989 - DataLoader - INFO - Client 1 - Train samples: 2918, Test samples: 730
2025-02-25 18:16:24,989 - DataLoader - INFO - Client 1 - Train class distribution: {1: 1498, 0: 1420}
2025-02-25 18:16:24,989 - DataLoader - INFO - Client 1 - Test class distribution: {1: 367, 0: 363}
2025-02-25 18:16:24,991 - DataLoader - INFO - Client 2 - Train samples: 2918, Test samples: 730
2025-02-25 18:16:24,992 - DataLoader - INFO - Client 2 - Train class distribution: {1: 1482, 0: 1436}
2025-02-25 18:16:24,992 - DataLoader - INFO - Client 2 - Test class distribution: {0: 371, 1: 359}
2025-02-25 18:16:24,992 - Server - INFO - Server-side evaluation - Combined test set size: 2190
2025-02-25 18:16:24,992 - Server - INFO - Starting Flower server...
2025-02-25 18:16:24,992 - flwr - WARNING - DEPRECATED FEATURE: flwr.server.start_server() is deprecated.
	Instead, use the `flower-superlink` CLI command to start a SuperLink as shown below:

		$ flower-superlink --insecure

	To view usage and all available options, run:

		$ flower-superlink --help

	Using `start_server()` is deprecated.

            This is a deprecated feature. It will be removed
            entirely in future versions of Flower.
        
2025-02-25 18:16:24,994 - flwr - INFO - Starting Flower server, config: num_rounds=2, no round_timeout
2025-02-25 18:16:25,021 - flwr - INFO - Flower ECE: gRPC server running (2 rounds), SSL is disabled
2025-02-25 18:16:25,021 - flwr - INFO - [INIT]
2025-02-25 18:16:25,021 - flwr - INFO - Requesting initial parameters from one random client
2025-02-25 18:16:30,665 - DataLoader - INFO - Total dataset size: 10943
2025-02-25 18:16:30,665 - DataLoader - INFO - Class distribution: {1: 5556, 0: 5387}
2025-02-25 18:16:30,671 - DataLoader - INFO - Client 0 - Train samples: 2917, Test samples: 730
2025-02-25 18:16:30,671 - DataLoader - INFO - Client 0 - Train class distribution: {1: 1472, 0: 1445}
2025-02-25 18:16:30,671 - DataLoader - INFO - Client 0 - Test class distribution: {1: 378, 0: 352}
2025-02-25 18:16:30,673 - DataLoader - INFO - Client 1 - Train samples: 2918, Test samples: 730
2025-02-25 18:16:30,673 - DataLoader - INFO - Client 1 - Train class distribution: {1: 1498, 0: 1420}
2025-02-25 18:16:30,673 - DataLoader - INFO - Client 1 - Test class distribution: {1: 367, 0: 363}
2025-02-25 18:16:30,675 - DataLoader - INFO - Client 2 - Train samples: 2918, Test samples: 730
2025-02-25 18:16:30,675 - DataLoader - INFO - Client 2 - Train class distribution: {1: 1482, 0: 1436}
2025-02-25 18:16:30,675 - DataLoader - INFO - Client 2 - Test class distribution: {0: 371, 1: 359}
2025-02-25 18:16:30,675 - Client_0 - INFO - Client 0 - Starting with 2917 training samples, 730 testing samples
2025-02-25 18:16:30,900 - Client_0 - INFO - Client 0 initialized on device: cpu
2025-02-25 18:16:30,900 - Client_0 - INFO - Client 0 - Training set size: 2917, Test set size: 730
2025-02-25 18:16:30,901 - flwr - WARNING - DEPRECATED FEATURE: flwr.client.start_numpy_client() is deprecated. 
	Instead, use `flwr.client.start_client()` by ensuring you first call the `.to_client()` method as shown below: 
	flwr.client.start_client(
		server_address='<IP>:<PORT>',
		client=FlowerClient().to_client(), # <-- where FlowerClient is of type flwr.client.NumPyClient object
	)
	Using `start_numpy_client()` is deprecated.

            This is a deprecated feature. It will be removed
            entirely in future versions of Flower.
        
2025-02-25 18:16:30,901 - flwr - WARNING - DEPRECATED FEATURE: flwr.client.start_client() is deprecated.
	Instead, use the `flower-supernode` CLI command to start a SuperNode as shown below:

		$ flower-supernode --insecure --superlink='<IP>:<PORT>'

	To view all available options, run:

		$ flower-supernode --help

	Using `start_client()` is deprecated.

            This is a deprecated feature. It will be removed
            entirely in future versions of Flower.
        
2025-02-25 18:16:30,910 - flwr - DEBUG - Opened insecure gRPC connection (no certificates were passed)
2025-02-25 18:16:30,915 - flwr - DEBUG - ChannelConnectivity.IDLE
2025-02-25 18:16:30,925 - flwr - DEBUG - ChannelConnectivity.READY
2025-02-25 18:16:30,929 - flwr - INFO - 
2025-02-25 18:16:30,929 - flwr - INFO - Received: get_parameters message d26e531b-5fbd-4842-8996-ce6ff086dcf9
2025-02-25 18:16:31,159 - flwr - INFO - Sent reply
2025-02-25 18:16:31,516 - flwr - INFO - Received initial parameters from one random client
2025-02-25 18:16:31,516 - flwr - INFO - Starting evaluation of initial global parameters
2025-02-25 18:16:31,680 - DataLoader - INFO - Total dataset size: 10943
2025-02-25 18:16:31,680 - DataLoader - INFO - Class distribution: {1: 5556, 0: 5387}
2025-02-25 18:16:31,685 - DataLoader - INFO - Client 0 - Train samples: 2917, Test samples: 730
2025-02-25 18:16:31,685 - DataLoader - INFO - Client 0 - Train class distribution: {1: 1472, 0: 1445}
2025-02-25 18:16:31,685 - DataLoader - INFO - Client 0 - Test class distribution: {1: 378, 0: 352}
2025-02-25 18:16:31,688 - DataLoader - INFO - Client 1 - Train samples: 2918, Test samples: 730
2025-02-25 18:16:31,688 - DataLoader - INFO - Client 1 - Train class distribution: {1: 1498, 0: 1420}
2025-02-25 18:16:31,688 - DataLoader - INFO - Client 1 - Test class distribution: {1: 367, 0: 363}
2025-02-25 18:16:31,691 - DataLoader - INFO - Client 2 - Train samples: 2918, Test samples: 730
2025-02-25 18:16:31,691 - DataLoader - INFO - Client 2 - Train class distribution: {1: 1482, 0: 1436}
2025-02-25 18:16:31,691 - DataLoader - INFO - Client 2 - Test class distribution: {0: 371, 1: 359}
2025-02-25 18:16:31,691 - Client_1 - INFO - Client 1 - Starting with 2918 training samples, 730 testing samples
2025-02-25 18:16:31,793 - Server - INFO - Server-side evaluation - Round 0 - Testing on 2190 samples
2025-02-25 18:16:32,110 - Client_1 - INFO - Client 1 initialized on device: cpu
2025-02-25 18:16:32,111 - Client_1 - INFO - Client 1 - Training set size: 2918, Test set size: 730
2025-02-25 18:16:32,111 - flwr - WARNING - DEPRECATED FEATURE: flwr.client.start_numpy_client() is deprecated. 
	Instead, use `flwr.client.start_client()` by ensuring you first call the `.to_client()` method as shown below: 
	flwr.client.start_client(
		server_address='<IP>:<PORT>',
		client=FlowerClient().to_client(), # <-- where FlowerClient is of type flwr.client.NumPyClient object
	)
	Using `start_numpy_client()` is deprecated.

            This is a deprecated feature. It will be removed
            entirely in future versions of Flower.
        
2025-02-25 18:16:32,111 - flwr - WARNING - DEPRECATED FEATURE: flwr.client.start_client() is deprecated.
	Instead, use the `flower-supernode` CLI command to start a SuperNode as shown below:

		$ flower-supernode --insecure --superlink='<IP>:<PORT>'

	To view all available options, run:

		$ flower-supernode --help

	Using `start_client()` is deprecated.

            This is a deprecated feature. It will be removed
            entirely in future versions of Flower.
        
2025-02-25 18:16:32,185 - flwr - DEBUG - Opened insecure gRPC connection (no certificates were passed)
2025-02-25 18:16:32,189 - flwr - DEBUG - ChannelConnectivity.IDLE
2025-02-25 18:16:32,189 - flwr - DEBUG - ChannelConnectivity.CONNECTING
2025-02-25 18:16:32,190 - flwr - DEBUG - ChannelConnectivity.READY
2025-02-25 18:16:33,240 - DataLoader - INFO - Total dataset size: 10943
2025-02-25 18:16:33,240 - DataLoader - INFO - Class distribution: {1: 5556, 0: 5387}
2025-02-25 18:16:33,247 - DataLoader - INFO - Client 0 - Train samples: 2917, Test samples: 730
2025-02-25 18:16:33,248 - DataLoader - INFO - Client 0 - Train class distribution: {1: 1472, 0: 1445}
2025-02-25 18:16:33,248 - DataLoader - INFO - Client 0 - Test class distribution: {1: 378, 0: 352}
2025-02-25 18:16:33,250 - DataLoader - INFO - Client 1 - Train samples: 2918, Test samples: 730
2025-02-25 18:16:33,251 - DataLoader - INFO - Client 1 - Train class distribution: {1: 1498, 0: 1420}
2025-02-25 18:16:33,251 - DataLoader - INFO - Client 1 - Test class distribution: {1: 367, 0: 363}
2025-02-25 18:16:33,253 - DataLoader - INFO - Client 2 - Train samples: 2918, Test samples: 730
2025-02-25 18:16:33,253 - DataLoader - INFO - Client 2 - Train class distribution: {1: 1482, 0: 1436}
2025-02-25 18:16:33,254 - DataLoader - INFO - Client 2 - Test class distribution: {0: 371, 1: 359}
2025-02-25 18:16:33,254 - Client_2 - INFO - Client 2 - Starting with 2918 training samples, 730 testing samples
2025-02-25 18:16:33,619 - Client_2 - INFO - Client 2 initialized on device: cpu
2025-02-25 18:16:33,619 - Client_2 - INFO - Client 2 - Training set size: 2918, Test set size: 730
2025-02-25 18:16:33,619 - flwr - WARNING - DEPRECATED FEATURE: flwr.client.start_numpy_client() is deprecated. 
	Instead, use `flwr.client.start_client()` by ensuring you first call the `.to_client()` method as shown below: 
	flwr.client.start_client(
		server_address='<IP>:<PORT>',
		client=FlowerClient().to_client(), # <-- where FlowerClient is of type flwr.client.NumPyClient object
	)
	Using `start_numpy_client()` is deprecated.

            This is a deprecated feature. It will be removed
            entirely in future versions of Flower.
        
2025-02-25 18:16:33,620 - flwr - WARNING - DEPRECATED FEATURE: flwr.client.start_client() is deprecated.
	Instead, use the `flower-supernode` CLI command to start a SuperNode as shown below:

		$ flower-supernode --insecure --superlink='<IP>:<PORT>'

	To view all available options, run:

		$ flower-supernode --help

	Using `start_client()` is deprecated.

            This is a deprecated feature. It will be removed
            entirely in future versions of Flower.
        
2025-02-25 18:16:33,633 - flwr - DEBUG - Opened insecure gRPC connection (no certificates were passed)
2025-02-25 18:16:33,638 - flwr - DEBUG - ChannelConnectivity.IDLE
2025-02-25 18:16:33,639 - flwr - DEBUG - ChannelConnectivity.CONNECTING
2025-02-25 18:16:33,640 - flwr - DEBUG - ChannelConnectivity.READY
2025-02-25 18:17:51,894 - Server - INFO - 
Server-side evaluation - Round 0
2025-02-25 18:17:51,894 - Server - INFO - Loss: 0.7671
2025-02-25 18:17:51,894 - Server - INFO - Accuracy: 0.4877, F1: 0.4163, Precision: 0.4814, Recall: 0.4877
2025-02-25 18:17:51,894 - Server - INFO - True class distribution: {0: 1086, 1: 1104}
2025-02-25 18:17:51,894 - Server - INFO - Prediction distribution: {0: 1862, 1: 328}
2025-02-25 18:17:51,894 - Server - INFO - 
Confusion Matrix:
2025-02-25 18:17:51,896 - Server - INFO - 
[[913 173]
 [949 155]]
2025-02-25 18:17:51,897 - Server - INFO - 
Classification Report:
2025-02-25 18:17:51,907 - Server - INFO - 
              precision    recall  f1-score   support

           0       0.49      0.84      0.62      1086
           1       0.47      0.14      0.22      1104

    accuracy                           0.49      2190
   macro avg       0.48      0.49      0.42      2190
weighted avg       0.48      0.49      0.42      2190

2025-02-25 18:17:51,963 - Server - INFO - Model saved after round 0
2025-02-25 18:17:51,967 - flwr - INFO - initial parameters (loss, other metrics): 0.7670630562132683, {'accuracy': 0.4876712328767123, 'f1': 0.41628586995382005, 'precision': 0.4813739398374222, 'recall': 0.4876712328767123}
2025-02-25 18:17:51,967 - flwr - INFO - 
2025-02-25 18:17:51,967 - flwr - INFO - [ROUND 1]
2025-02-25 18:17:51,967 - flwr - INFO - configure_fit: strategy sampled 3 clients (out of 3)
2025-02-25 18:17:52,982 - flwr - INFO - 
2025-02-25 18:17:52,982 - flwr - INFO - Received: train message c3920293-a90f-432e-9339-370e98de698b
2025-02-25 18:17:53,132 - Client_1 - INFO - 
2025-02-25 18:17:53,133 - Client_1 - INFO - 
Client 1 - Starting training round
2025-02-25 18:17:53,133 - Client_1 - INFO - Client 1 - Training on 2918 samples
2025-02-25 18:17:53,158 - Client_1 - INFO - 
2025-02-25 18:17:53,304 - flwr - INFO - 
2025-02-25 18:17:53,305 - flwr - INFO - Received: train message 2be4cc4d-646c-4920-9572-cb5bdefdf1d8
2025-02-25 18:17:53,334 - Client_0 - INFO - 
2025-02-25 18:17:53,334 - Client_0 - INFO - 
Client 0 - Starting training round
2025-02-25 18:17:53,335 - Client_0 - INFO - Client 0 - Training on 2917 samples
2025-02-25 18:17:53,355 - Client_0 - INFO - 
2025-02-25 18:17:53,678 - flwr - INFO - 
2025-02-25 18:17:53,678 - flwr - INFO - Received: train message baaf2073-190a-4975-88bd-971ec72f4f89
2025-02-25 18:17:53,719 - Client_2 - INFO - 
2025-02-25 18:17:53,720 - Client_2 - INFO - 
Client 2 - Starting training round
2025-02-25 18:17:53,720 - Client_2 - INFO - Client 2 - Training on 2918 samples
2025-02-25 18:17:53,871 - Client_2 - INFO - 
2025-02-25 18:17:59,774 - Client_1 - INFO - Client 1 - Epoch 0 - Batch 0/92 - Loss: 0.6953
2025-02-25 18:17:59,829 - Client_0 - INFO - Client 0 - Epoch 0 - Batch 0/92 - Loss: 0.7410
2025-02-25 18:18:01,933 - Client_2 - INFO - Client 2 - Epoch 0 - Batch 0/92 - Loss: 0.8587
2025-02-25 18:19:12,983 - Client_1 - INFO - Client 1 - Epoch 0 - Batch 10/92 - Loss: 0.5398
2025-02-25 18:19:13,070 - Client_0 - INFO - Client 0 - Epoch 0 - Batch 10/92 - Loss: 0.1630
2025-02-25 18:19:17,505 - Client_2 - INFO - Client 2 - Epoch 0 - Batch 10/92 - Loss: 1.1580
2025-02-25 18:20:33,200 - Client_0 - INFO - Client 0 - Epoch 0 - Batch 20/92 - Loss: 0.2554
2025-02-25 18:20:33,760 - Client_1 - INFO - Client 1 - Epoch 0 - Batch 20/92 - Loss: 0.1193
2025-02-25 18:20:37,564 - Client_2 - INFO - Client 2 - Epoch 0 - Batch 20/92 - Loss: 0.3485
2025-02-25 18:22:10,984 - Client_1 - INFO - Client 1 - Epoch 0 - Batch 30/92 - Loss: 0.1343
2025-02-25 18:22:11,390 - Client_0 - INFO - Client 0 - Epoch 0 - Batch 30/92 - Loss: 0.3441
2025-02-25 18:22:16,645 - Client_2 - INFO - Client 2 - Epoch 0 - Batch 30/92 - Loss: 0.1983
2025-02-25 18:23:26,659 - Client_1 - INFO - Client 1 - Epoch 0 - Batch 40/92 - Loss: 0.2054
2025-02-25 18:23:26,967 - Client_0 - INFO - Client 0 - Epoch 0 - Batch 40/92 - Loss: 0.1190
2025-02-25 18:23:30,810 - Client_2 - INFO - Client 2 - Epoch 0 - Batch 40/92 - Loss: 0.1974
2025-02-25 18:24:40,782 - Client_0 - INFO - Client 0 - Epoch 0 - Batch 50/92 - Loss: 0.2672
2025-02-25 18:24:40,807 - Client_1 - INFO - Client 1 - Epoch 0 - Batch 50/92 - Loss: 0.1969
2025-02-25 18:24:44,752 - Client_2 - INFO - Client 2 - Epoch 0 - Batch 50/92 - Loss: 0.1932
2025-02-25 18:25:59,411 - Client_1 - INFO - Client 1 - Epoch 0 - Batch 60/92 - Loss: 0.0259
2025-02-25 18:25:59,464 - Client_0 - INFO - Client 0 - Epoch 0 - Batch 60/92 - Loss: 0.2248
2025-02-25 18:26:03,131 - Client_2 - INFO - Client 2 - Epoch 0 - Batch 60/92 - Loss: 0.1831
2025-02-25 18:27:16,638 - Client_0 - INFO - Client 0 - Epoch 0 - Batch 70/92 - Loss: 0.1999
2025-02-25 18:27:17,232 - Client_1 - INFO - Client 1 - Epoch 0 - Batch 70/92 - Loss: 0.4380
2025-02-25 18:27:17,643 - Client_2 - INFO - Client 2 - Epoch 0 - Batch 70/92 - Loss: 0.2339
2025-02-25 18:28:49,215 - Client_0 - INFO - Client 0 - Epoch 0 - Batch 80/92 - Loss: 0.0904
2025-02-25 18:28:49,824 - Client_1 - INFO - Client 1 - Epoch 0 - Batch 80/92 - Loss: 0.2454
2025-02-25 18:28:51,162 - Client_2 - INFO - Client 2 - Epoch 0 - Batch 80/92 - Loss: 0.0635
2025-02-25 18:30:03,984 - Client_1 - INFO - Client 1 - Epoch 0 - Batch 90/92 - Loss: 0.1235
2025-02-25 18:30:04,468 - Client_0 - INFO - Client 0 - Epoch 0 - Batch 90/92 - Loss: 0.1180
2025-02-25 18:30:05,956 - Client_1 - INFO - Client 1 - Epoch 0 - Loss: 0.2385, Accuracy: 0.9112, F1: 0.9113, Precision: 0.9117, Recall: 0.9112
2025-02-25 18:30:05,956 - Client_1 - INFO - Client 1 - Epoch 0 - Prediction distribution: {0: 1465, 1: 1453}
2025-02-25 18:30:06,245 - Client_0 - INFO - Client 0 - Epoch 0 - Loss: 0.2389, Accuracy: 0.9098, F1: 0.9098, Precision: 0.9103, Recall: 0.9098
2025-02-25 18:30:06,245 - Client_0 - INFO - Client 0 - Epoch 0 - Prediction distribution: {0: 1492, 1: 1425}
2025-02-25 18:30:07,459 - Client_2 - INFO - Client 2 - Epoch 0 - Batch 90/92 - Loss: 0.1604
2025-02-25 18:30:09,439 - Client_2 - INFO - Client 2 - Epoch 0 - Loss: 0.2672, Accuracy: 0.9051, F1: 0.9051, Precision: 0.9057, Recall: 0.9051
2025-02-25 18:30:09,439 - Client_2 - INFO - Client 2 - Epoch 0 - Prediction distribution: {0: 1493, 1: 1425}
2025-02-25 18:31:13,326 - Client_1 - INFO - Client 1 - Validation: Loss=0.1338, Accuracy=0.9671
2025-02-25 18:31:15,317 - Client_0 - INFO - Client 0 - Validation: Loss=0.9131, Accuracy=0.8164
2025-02-25 18:31:18,897 - Client_1 - INFO - Client 1 - Epoch 1 - Batch 0/92 - Loss: 0.0733
2025-02-25 18:31:19,231 - Client_2 - INFO - Client 2 - Validation: Loss=0.2110, Accuracy=0.9178
2025-02-25 18:31:21,936 - Client_0 - INFO - Client 0 - Epoch 1 - Batch 0/92 - Loss: 0.7604
2025-02-25 18:31:25,956 - Client_2 - INFO - Client 2 - Epoch 1 - Batch 0/92 - Loss: 0.0489
2025-02-25 18:32:29,929 - Client_1 - INFO - Client 1 - Epoch 1 - Batch 10/92 - Loss: 0.5883
2025-02-25 18:32:38,638 - Client_0 - INFO - Client 0 - Epoch 1 - Batch 10/92 - Loss: 0.6619
2025-02-25 18:32:39,610 - Client_2 - INFO - Client 2 - Epoch 1 - Batch 10/92 - Loss: 0.7893
2025-02-25 18:33:56,685 - Client_1 - INFO - Client 1 - Epoch 1 - Batch 20/92 - Loss: 0.6779
2025-02-25 18:33:58,655 - Client_0 - INFO - Client 0 - Epoch 1 - Batch 20/92 - Loss: 0.6883
2025-02-25 18:33:58,908 - Client_2 - INFO - Client 2 - Epoch 1 - Batch 20/92 - Loss: 0.6914
2025-02-25 18:35:12,786 - Client_1 - INFO - Client 1 - Epoch 1 - Batch 30/92 - Loss: 0.6757
2025-02-25 18:35:12,858 - Client_0 - INFO - Client 0 - Epoch 1 - Batch 30/92 - Loss: 0.6916
2025-02-25 18:35:13,270 - Client_2 - INFO - Client 2 - Epoch 1 - Batch 30/92 - Loss: 0.6622
2025-02-25 18:36:14,329 - Client_0 - INFO - Client 0 - Epoch 1 - Batch 40/92 - Loss: 0.6920
2025-02-25 18:36:14,430 - Client_1 - INFO - Client 1 - Epoch 1 - Batch 40/92 - Loss: 0.6923
2025-02-25 18:36:16,642 - Client_2 - INFO - Client 2 - Epoch 1 - Batch 40/92 - Loss: 0.7276
2025-02-25 18:37:14,783 - Client_1 - INFO - Client 1 - Epoch 1 - Batch 50/92 - Loss: 0.6938
2025-02-25 18:37:15,699 - Client_0 - INFO - Client 0 - Epoch 1 - Batch 50/92 - Loss: 0.7004
2025-02-25 18:37:18,184 - Client_2 - INFO - Client 2 - Epoch 1 - Batch 50/92 - Loss: 0.6937
2025-02-25 18:38:13,555 - Client_1 - INFO - Client 1 - Epoch 1 - Batch 60/92 - Loss: 0.6980
2025-02-25 18:38:18,011 - Client_0 - INFO - Client 0 - Epoch 1 - Batch 60/92 - Loss: 0.7063
2025-02-25 18:38:19,362 - Client_2 - INFO - Client 2 - Epoch 1 - Batch 60/92 - Loss: 0.7063
2025-02-25 18:39:18,131 - Client_1 - INFO - Client 1 - Epoch 1 - Batch 70/92 - Loss: 0.7049
2025-02-25 18:39:18,216 - Client_0 - INFO - Client 0 - Epoch 1 - Batch 70/92 - Loss: 0.6848
2025-02-25 18:39:23,233 - Client_2 - INFO - Client 2 - Epoch 1 - Batch 70/92 - Loss: 0.7049
2025-02-25 18:40:23,368 - Client_0 - INFO - Client 0 - Epoch 1 - Batch 80/92 - Loss: 0.7056
2025-02-25 18:40:24,781 - Client_1 - INFO - Client 1 - Epoch 1 - Batch 80/92 - Loss: 0.6944
2025-02-25 18:40:27,728 - Client_2 - INFO - Client 2 - Epoch 1 - Batch 80/92 - Loss: 0.7302
2025-02-25 18:41:22,279 - Client_0 - INFO - Client 0 - Epoch 1 - Batch 90/92 - Loss: 0.6934
2025-02-25 18:41:24,451 - Client_0 - INFO - Client 0 - Epoch 1 - Loss: 0.8134, Accuracy: 0.4943, F1: 0.4938, Precision: 0.4941, Recall: 0.4943
2025-02-25 18:41:24,451 - Client_0 - INFO - Client 0 - Epoch 1 - Prediction distribution: {0: 1366, 1: 1551}
2025-02-25 18:41:25,515 - Client_1 - INFO - Client 1 - Epoch 1 - Batch 90/92 - Loss: 0.6931
2025-02-25 18:41:26,988 - Client_1 - INFO - Client 1 - Epoch 1 - Loss: 0.7609, Accuracy: 0.5322, F1: 0.5310, Precision: 0.5314, Recall: 0.5322
2025-02-25 18:41:26,989 - Client_1 - INFO - Client 1 - Epoch 1 - Prediction distribution: {0: 1303, 1: 1615}
2025-02-25 18:41:31,194 - Client_2 - INFO - Client 2 - Epoch 1 - Batch 90/92 - Loss: 0.6906
2025-02-25 18:41:32,456 - Client_2 - INFO - Client 2 - Epoch 1 - Loss: 0.8234, Accuracy: 0.5113, F1: 0.5069, Precision: 0.5103, Recall: 0.5113
2025-02-25 18:41:32,456 - Client_2 - INFO - Client 2 - Epoch 1 - Prediction distribution: {0: 1182, 1: 1736}
2025-02-25 18:42:17,606 - Client_0 - INFO - Client 0 - Validation: Loss=0.6930, Accuracy=0.4822
2025-02-25 18:42:21,012 - Client_1 - INFO - Client 1 - Validation: Loss=0.6929, Accuracy=0.5027
2025-02-25 18:42:23,254 - Client_0 - INFO - Client 0 - Epoch 2 - Batch 0/92 - Loss: 0.6933
2025-02-25 18:42:25,105 - Client_2 - INFO - Client 2 - Validation: Loss=0.6924, Accuracy=0.5082
2025-02-25 18:42:26,502 - Client_1 - INFO - Client 1 - Epoch 2 - Batch 0/92 - Loss: 0.6931
2025-02-25 18:42:30,980 - Client_2 - INFO - Client 2 - Epoch 2 - Batch 0/92 - Loss: 0.6819
2025-02-25 18:43:20,699 - Client_0 - INFO - Client 0 - Epoch 2 - Batch 10/92 - Loss: 0.6928
2025-02-25 18:43:24,912 - Client_1 - INFO - Client 1 - Epoch 2 - Batch 10/92 - Loss: 0.6935
2025-02-25 18:43:27,913 - Client_2 - INFO - Client 2 - Epoch 2 - Batch 10/92 - Loss: 0.6902
2025-02-25 18:44:19,338 - Client_0 - INFO - Client 0 - Epoch 2 - Batch 20/92 - Loss: 0.6933
2025-02-25 18:44:23,322 - Client_1 - INFO - Client 1 - Epoch 2 - Batch 20/92 - Loss: 0.6946
2025-02-25 18:44:29,032 - Client_2 - INFO - Client 2 - Epoch 2 - Batch 20/92 - Loss: 0.7015
2025-02-25 18:45:24,298 - Client_1 - INFO - Client 1 - Epoch 2 - Batch 30/92 - Loss: 0.6864
2025-02-25 18:45:25,608 - Client_0 - INFO - Client 0 - Epoch 2 - Batch 30/92 - Loss: 0.6911
2025-02-25 18:45:25,755 - Client_2 - INFO - Client 2 - Epoch 2 - Batch 30/92 - Loss: 0.6879
2025-02-25 18:46:20,918 - Client_1 - INFO - Client 1 - Epoch 2 - Batch 40/92 - Loss: 0.6865
2025-02-25 18:46:29,832 - Client_0 - INFO - Client 0 - Epoch 2 - Batch 40/92 - Loss: 0.6907
2025-02-25 18:46:32,093 - Client_2 - INFO - Client 2 - Epoch 2 - Batch 40/92 - Loss: 0.6914
2025-02-25 18:47:18,667 - Client_1 - INFO - Client 1 - Epoch 2 - Batch 50/92 - Loss: 0.6875
2025-02-25 18:47:30,534 - Client_2 - INFO - Client 2 - Epoch 2 - Batch 50/92 - Loss: 0.7077
2025-02-25 18:47:30,587 - Client_0 - INFO - Client 0 - Epoch 2 - Batch 50/92 - Loss: 0.6935
2025-02-25 18:48:25,076 - Client_1 - INFO - Client 1 - Epoch 2 - Batch 60/92 - Loss: 0.6929
2025-02-25 18:48:30,987 - Client_2 - INFO - Client 2 - Epoch 2 - Batch 60/92 - Loss: 0.7016
2025-02-25 18:48:32,420 - Client_0 - INFO - Client 0 - Epoch 2 - Batch 60/92 - Loss: 0.6912
2025-02-25 18:49:26,332 - Client_1 - INFO - Client 1 - Epoch 2 - Batch 70/92 - Loss: 0.6803
2025-02-25 18:49:30,311 - Client_2 - INFO - Client 2 - Epoch 2 - Batch 70/92 - Loss: 0.6051
2025-02-25 18:49:33,866 - Client_0 - INFO - Client 0 - Epoch 2 - Batch 70/92 - Loss: 0.6898
2025-02-25 18:50:24,471 - Client_1 - INFO - Client 1 - Epoch 2 - Batch 80/92 - Loss: 0.6895
2025-02-25 18:50:30,212 - Client_2 - INFO - Client 2 - Epoch 2 - Batch 80/92 - Loss: 0.7787
2025-02-25 18:50:37,333 - Client_0 - INFO - Client 0 - Epoch 2 - Batch 80/92 - Loss: 0.6903
2025-02-25 18:51:25,821 - Client_1 - INFO - Client 1 - Epoch 2 - Batch 90/92 - Loss: 0.6892
2025-02-25 18:51:27,577 - Client_1 - INFO - Client 1 - Epoch 2 - Loss: 0.6922, Accuracy: 0.5082, F1: 0.4035, Precision: 0.4910, Recall: 0.5082
2025-02-25 18:51:27,577 - Client_1 - INFO - Client 1 - Epoch 2 - Prediction distribution: {0: 243, 1: 2675}
2025-02-25 18:51:30,190 - Client_2 - INFO - Client 2 - Epoch 2 - Batch 90/92 - Loss: 0.6349
2025-02-25 18:51:31,459 - Client_2 - INFO - Client 2 - Epoch 2 - Loss: 0.6887, Accuracy: 0.5250, F1: 0.5247, Precision: 0.5248, Recall: 0.5250
2025-02-25 18:51:31,460 - Client_2 - INFO - Client 2 - Epoch 2 - Prediction distribution: {0: 1378, 1: 1540}
2025-02-25 18:51:36,584 - Client_0 - INFO - Client 0 - Epoch 2 - Batch 90/92 - Loss: 0.6924
2025-02-25 18:51:37,805 - Client_0 - INFO - Client 0 - Epoch 2 - Loss: 0.6929, Accuracy: 0.5098, F1: 0.5097, Precision: 0.5097, Recall: 0.5098
2025-02-25 18:51:37,805 - Client_0 - INFO - Client 0 - Epoch 2 - Prediction distribution: {0: 1417, 1: 1500}
2025-02-25 18:52:22,333 - Client_1 - INFO - Client 1 - Validation: Loss=0.7081, Accuracy=0.4973
2025-02-25 18:52:27,994 - Client_2 - INFO - Client 2 - Validation: Loss=0.5821, Accuracy=0.8041
2025-02-25 18:52:28,746 - Client_1 - INFO - Client 1 - Epoch 3 - Batch 0/92 - Loss: 0.7069
2025-02-25 18:52:32,977 - Client_0 - INFO - Client 0 - Validation: Loss=0.6918, Accuracy=0.4904
2025-02-25 18:52:35,179 - Client_2 - INFO - Client 2 - Epoch 3 - Batch 0/92 - Loss: 0.5336
2025-02-25 18:52:39,237 - Client_0 - INFO - Client 0 - Epoch 3 - Batch 0/92 - Loss: 0.6945
2025-02-25 18:53:29,842 - Client_1 - INFO - Client 1 - Epoch 3 - Batch 10/92 - Loss: 0.6811
2025-02-25 18:53:31,186 - Client_2 - INFO - Client 2 - Epoch 3 - Batch 10/92 - Loss: 0.4493
2025-02-25 18:53:37,264 - Client_0 - INFO - Client 0 - Epoch 3 - Batch 10/92 - Loss: 0.6884
2025-02-25 18:54:32,056 - Client_1 - INFO - Client 1 - Epoch 3 - Batch 20/92 - Loss: 0.6932
2025-02-25 18:54:32,325 - Client_2 - INFO - Client 2 - Epoch 3 - Batch 20/92 - Loss: 0.5870
2025-02-25 18:54:38,892 - Client_0 - INFO - Client 0 - Epoch 3 - Batch 20/92 - Loss: 0.6853
2025-02-25 18:55:27,284 - Client_1 - INFO - Client 1 - Epoch 3 - Batch 30/92 - Loss: 0.6944
2025-02-25 18:55:29,693 - Client_2 - INFO - Client 2 - Epoch 3 - Batch 30/92 - Loss: 0.3628
2025-02-25 18:55:48,288 - Client_0 - INFO - Client 0 - Epoch 3 - Batch 30/92 - Loss: 0.6531
2025-02-25 18:56:30,299 - Client_1 - INFO - Client 1 - Epoch 3 - Batch 40/92 - Loss: 0.6929
2025-02-25 18:56:31,410 - Client_2 - INFO - Client 2 - Epoch 3 - Batch 40/92 - Loss: 0.4252
2025-02-25 18:56:49,574 - Client_0 - INFO - Client 0 - Epoch 3 - Batch 40/92 - Loss: 0.6905
2025-02-25 18:57:36,116 - Client_2 - INFO - Client 2 - Epoch 3 - Batch 50/92 - Loss: 0.2801
2025-02-25 18:57:37,849 - Client_1 - INFO - Client 1 - Epoch 3 - Batch 50/92 - Loss: 0.6954
2025-02-25 18:57:42,040 - Client_2 - INFO - Client 2 - Epoch 3 - Loss: 0.2659, Accuracy: 0.8047, F1: 0.8046, Precision: 0.8046, Recall: 0.8047
2025-02-25 18:57:42,040 - Client_2 - INFO - Client 2 - Epoch 3 - Prediction distribution: {0: 768, 1: 896}
2025-02-25 18:57:42,041 - Client_0 - INFO - Client 0 - Epoch 3 - Loss: 0.3687, Accuracy: 0.5255, F1: 0.5191, Precision: 0.5262, Recall: 0.5255
2025-02-25 18:57:42,042 - Client_0 - INFO - Client 0 - Epoch 3 - Prediction distribution: {0: 965, 1: 603}
2025-02-25 18:57:44,208 - flwr - ERROR - Client raised an exception.
Traceback (most recent call last):
  File "C:\Users\HP\AppData\Local\Programs\Python\Python310\lib\site-packages\flwr\client\app.py", line 571, in start_client_internal
    reply_message = client_app(message=message, context=context)
  File "C:\Users\HP\AppData\Local\Programs\Python\Python310\lib\site-packages\flwr\client\client_app.py", line 143, in __call__
    return self._call(message, context)
  File "C:\Users\HP\AppData\Local\Programs\Python\Python310\lib\site-packages\flwr\client\client_app.py", line 126, in ffn
    out_message = handle_legacy_message_from_msgtype(
  File "C:\Users\HP\AppData\Local\Programs\Python\Python310\lib\site-packages\flwr\client\message_handler\message_handler.py", line 129, in handle_legacy_message_from_msgtype
    fit_res = maybe_call_fit(
  File "C:\Users\HP\AppData\Local\Programs\Python\Python310\lib\site-packages\flwr\client\client.py", line 255, in maybe_call_fit
    return client.fit(fit_ins)
  File "C:\Users\HP\AppData\Local\Programs\Python\Python310\lib\site-packages\flwr\client\numpy_client.py", line 259, in _fit
    results = self.numpy_client.fit(parameters, ins.config)  # type: ignore
  File "C:\Users\HP\Documents\GitHub\IRP_Project\FL_withoutDP_V3\client.py", line 69, in fit
    loss.backward()
  File "C:\Users\HP\AppData\Local\Programs\Python\Python310\lib\site-packages\torch\_tensor.py", line 581, in backward
    torch.autograd.backward(
  File "C:\Users\HP\AppData\Local\Programs\Python\Python310\lib\site-packages\torch\autograd\__init__.py", line 347, in backward
    _engine_run_backward(
  File "C:\Users\HP\AppData\Local\Programs\Python\Python310\lib\site-packages\torch\autograd\graph.py", line 825, in _engine_run_backward
    return Variable._execution_engine.run_backward(  # Calls into the C++ engine to run the backward pass
  File "C:\Users\HP\AppData\Local\Programs\Python\Python310\lib\site-packages\flwr\client\app.py", line 812, in signal_handler
    raise StopIteration from None
StopIteration
2025-02-25 18:57:44,536 - flwr - DEBUG - gRPC channel closed
2025-02-25 18:57:44,536 - flwr - INFO - Disconnect and shut down
2025-02-25 18:58:23,090 - Client_0 - INFO - Client 0 - Validation: Loss=0.6929, Accuracy=0.5178
2025-02-25 18:58:23,835 - Client_2 - INFO - Client 2 - Validation: Loss=0.3565, Accuracy=0.8384
2025-02-25 18:58:23,835 - Client_2 - INFO - Client 2 - Early stopping at epoch 3
2025-02-25 18:58:24,157 - flwr - INFO - Sent reply
2025-02-25 18:58:24,363 - flwr - DEBUG - gRPC channel closed
2025-02-25 18:58:24,363 - flwr - INFO - Disconnect and shut down
2025-02-25 18:58:27,059 - Client_0 - INFO - Client 0 - Epoch 4 - Batch 0/92 - Loss: 0.6977
2025-02-25 18:58:56,758 - Client_0 - INFO - Client 0 - Epoch 4 - Batch 10/92 - Loss: 0.6931
2025-02-25 18:59:26,451 - Client_0 - INFO - Client 0 - Epoch 4 - Batch 20/92 - Loss: 0.6910
2025-02-25 18:59:57,074 - Client_0 - INFO - Client 0 - Epoch 4 - Batch 30/92 - Loss: 0.6941
2025-02-25 19:00:15,734 - flwr - DEBUG - ChannelConnectivity.IDLE
2025-02-25 19:00:27,257 - Client_0 - INFO - Client 0 - Epoch 4 - Batch 40/92 - Loss: 0.6943
2025-02-25 19:03:28,007 - Main - INFO - Python version: 3.10.0 (tags/v3.10.0:b494f59, Oct  4 2021, 19:00:18) [MSC v.1929 64 bit (AMD64)]
2025-02-25 19:03:28,008 - Main - INFO - Number of CPUs: 8
2025-02-25 19:03:28,008 - Main - INFO - Torch CUDA available: False
2025-02-25 19:03:28,008 - Main - INFO - Starting server process...
2025-02-25 19:03:28,014 - Main - INFO - Waiting for server to initialize...
2025-02-25 19:03:33,028 - Main - INFO - Starting 3 client processes...
2025-02-25 19:03:33,028 - Main - INFO - Starting client 0 process...
2025-02-25 19:03:34,036 - Main - INFO - Starting client 1 process...
2025-02-25 19:03:35,048 - Main - INFO - Starting client 2 process...
2025-02-25 19:03:36,067 - Main - INFO - All processes started. Waiting for completion...
2025-02-25 19:03:36,067 - Main - INFO - Waiting for Server process to complete...
2025-02-25 19:03:39,637 - DataLoader - INFO - Total dataset size: 10943
2025-02-25 19:03:39,637 - DataLoader - INFO - Class distribution: {1: 5556, 0: 5387}
2025-02-25 19:03:39,645 - DataLoader - INFO - Client 0 - Train samples: 2917, Test samples: 730
2025-02-25 19:03:39,645 - DataLoader - INFO - Client 0 - Train class distribution: {1: 1472, 0: 1445}
2025-02-25 19:03:39,645 - DataLoader - INFO - Client 0 - Test class distribution: {1: 378, 0: 352}
2025-02-25 19:03:39,647 - DataLoader - INFO - Client 1 - Train samples: 2918, Test samples: 730
2025-02-25 19:03:39,647 - DataLoader - INFO - Client 1 - Train class distribution: {1: 1498, 0: 1420}
2025-02-25 19:03:39,647 - DataLoader - INFO - Client 1 - Test class distribution: {1: 367, 0: 363}
2025-02-25 19:03:39,650 - DataLoader - INFO - Client 2 - Train samples: 2918, Test samples: 730
2025-02-25 19:03:39,650 - DataLoader - INFO - Client 2 - Train class distribution: {1: 1482, 0: 1436}
2025-02-25 19:03:39,650 - DataLoader - INFO - Client 2 - Test class distribution: {0: 371, 1: 359}
2025-02-25 19:03:39,651 - Server - INFO - Server-side evaluation - Combined test set size: 2190
2025-02-25 19:03:39,651 - Server - INFO - Starting Flower server...
2025-02-25 19:03:39,651 - flwr - WARNING - DEPRECATED FEATURE: flwr.server.start_server() is deprecated.
	Instead, use the `flower-superlink` CLI command to start a SuperLink as shown below:

		$ flower-superlink --insecure

	To view usage and all available options, run:

		$ flower-superlink --help

	Using `start_server()` is deprecated.

            This is a deprecated feature. It will be removed
            entirely in future versions of Flower.
        
2025-02-25 19:03:39,652 - flwr - INFO - Starting Flower server, config: num_rounds=2, no round_timeout
2025-02-25 19:03:39,688 - flwr - INFO - Flower ECE: gRPC server running (2 rounds), SSL is disabled
2025-02-25 19:03:39,688 - flwr - INFO - [INIT]
2025-02-25 19:03:39,688 - flwr - INFO - Requesting initial parameters from one random client
2025-02-25 19:03:48,872 - DataLoader - INFO - Total dataset size: 10943
2025-02-25 19:03:48,873 - DataLoader - INFO - Class distribution: {1: 5556, 0: 5387}
2025-02-25 19:03:48,882 - DataLoader - INFO - Client 0 - Train samples: 2917, Test samples: 730
2025-02-25 19:03:48,883 - DataLoader - INFO - Client 0 - Train class distribution: {1: 1472, 0: 1445}
2025-02-25 19:03:48,883 - DataLoader - INFO - Client 0 - Test class distribution: {1: 378, 0: 352}
2025-02-25 19:03:48,886 - DataLoader - INFO - Client 1 - Train samples: 2918, Test samples: 730
2025-02-25 19:03:48,887 - DataLoader - INFO - Client 1 - Train class distribution: {1: 1498, 0: 1420}
2025-02-25 19:03:48,887 - DataLoader - INFO - Client 1 - Test class distribution: {1: 367, 0: 363}
2025-02-25 19:03:48,890 - DataLoader - INFO - Client 2 - Train samples: 2918, Test samples: 730
2025-02-25 19:03:48,890 - DataLoader - INFO - Client 2 - Train class distribution: {1: 1482, 0: 1436}
2025-02-25 19:03:48,890 - DataLoader - INFO - Client 2 - Test class distribution: {0: 371, 1: 359}
2025-02-25 19:03:48,891 - Client_0 - INFO - Client 0 - Starting with 2917 training samples, 730 testing samples
2025-02-25 19:03:49,343 - Client_0 - INFO - Client 0 initialized on device: cpu
2025-02-25 19:03:49,343 - Client_0 - INFO - Client 0 - Training set size: 2917, Test set size: 730
2025-02-25 19:03:49,344 - flwr - WARNING - DEPRECATED FEATURE: flwr.client.start_numpy_client() is deprecated. 
	Instead, use `flwr.client.start_client()` by ensuring you first call the `.to_client()` method as shown below: 
	flwr.client.start_client(
		server_address='<IP>:<PORT>',
		client=FlowerClient().to_client(), # <-- where FlowerClient is of type flwr.client.NumPyClient object
	)
	Using `start_numpy_client()` is deprecated.

            This is a deprecated feature. It will be removed
            entirely in future versions of Flower.
        
2025-02-25 19:03:49,344 - flwr - WARNING - DEPRECATED FEATURE: flwr.client.start_client() is deprecated.
	Instead, use the `flower-supernode` CLI command to start a SuperNode as shown below:

		$ flower-supernode --insecure --superlink='<IP>:<PORT>'

	To view all available options, run:

		$ flower-supernode --help

	Using `start_client()` is deprecated.

            This is a deprecated feature. It will be removed
            entirely in future versions of Flower.
        
2025-02-25 19:03:49,355 - flwr - DEBUG - Opened insecure gRPC connection (no certificates were passed)
2025-02-25 19:03:49,379 - flwr - DEBUG - ChannelConnectivity.IDLE
2025-02-25 19:03:49,379 - flwr - DEBUG - ChannelConnectivity.READY
2025-02-25 19:03:49,382 - flwr - INFO - 
2025-02-25 19:03:49,382 - flwr - INFO - Received: get_parameters message 1abb5760-d09d-4575-9332-ff38a53f1858
2025-02-25 19:03:49,553 - flwr - INFO - Sent reply
2025-02-25 19:03:49,986 - DataLoader - INFO - Total dataset size: 10943
2025-02-25 19:03:49,986 - DataLoader - INFO - Class distribution: {1: 5556, 0: 5387}
2025-02-25 19:03:50,002 - DataLoader - INFO - Client 0 - Train samples: 2917, Test samples: 730
2025-02-25 19:03:50,002 - DataLoader - INFO - Client 0 - Train class distribution: {1: 1472, 0: 1445}
2025-02-25 19:03:50,002 - DataLoader - INFO - Client 0 - Test class distribution: {1: 378, 0: 352}
2025-02-25 19:03:50,010 - DataLoader - INFO - Client 1 - Train samples: 2918, Test samples: 730
2025-02-25 19:03:50,010 - DataLoader - INFO - Client 1 - Train class distribution: {1: 1498, 0: 1420}
2025-02-25 19:03:50,010 - DataLoader - INFO - Client 1 - Test class distribution: {1: 367, 0: 363}
2025-02-25 19:03:50,016 - DataLoader - INFO - Client 2 - Train samples: 2918, Test samples: 730
2025-02-25 19:03:50,017 - DataLoader - INFO - Client 2 - Train class distribution: {1: 1482, 0: 1436}
2025-02-25 19:03:50,017 - DataLoader - INFO - Client 2 - Test class distribution: {0: 371, 1: 359}
2025-02-25 19:03:50,017 - Client_1 - INFO - Client 1 - Starting with 2918 training samples, 730 testing samples
2025-02-25 19:03:50,119 - flwr - INFO - Received initial parameters from one random client
2025-02-25 19:03:50,119 - flwr - INFO - Starting evaluation of initial global parameters
2025-02-25 19:03:50,413 - Client_1 - INFO - Client 1 initialized on device: cpu
2025-02-25 19:03:50,413 - Client_1 - INFO - Client 1 - Training set size: 2918, Test set size: 730
2025-02-25 19:03:50,413 - flwr - WARNING - DEPRECATED FEATURE: flwr.client.start_numpy_client() is deprecated. 
	Instead, use `flwr.client.start_client()` by ensuring you first call the `.to_client()` method as shown below: 
	flwr.client.start_client(
		server_address='<IP>:<PORT>',
		client=FlowerClient().to_client(), # <-- where FlowerClient is of type flwr.client.NumPyClient object
	)
	Using `start_numpy_client()` is deprecated.

            This is a deprecated feature. It will be removed
            entirely in future versions of Flower.
        
2025-02-25 19:03:50,414 - flwr - WARNING - DEPRECATED FEATURE: flwr.client.start_client() is deprecated.
	Instead, use the `flower-supernode` CLI command to start a SuperNode as shown below:

		$ flower-supernode --insecure --superlink='<IP>:<PORT>'

	To view all available options, run:

		$ flower-supernode --help

	Using `start_client()` is deprecated.

            This is a deprecated feature. It will be removed
            entirely in future versions of Flower.
        
2025-02-25 19:03:50,425 - flwr - DEBUG - Opened insecure gRPC connection (no certificates were passed)
2025-02-25 19:03:50,441 - flwr - DEBUG - ChannelConnectivity.IDLE
2025-02-25 19:03:50,443 - flwr - DEBUG - ChannelConnectivity.CONNECTING
2025-02-25 19:03:50,444 - flwr - DEBUG - ChannelConnectivity.READY
2025-02-25 19:03:50,531 - Server - INFO - Server-side evaluation - Round 0 - Testing on 2190 samples
2025-02-25 19:03:50,586 - DataLoader - INFO - Total dataset size: 10943
2025-02-25 19:03:50,587 - DataLoader - INFO - Class distribution: {1: 5556, 0: 5387}
2025-02-25 19:03:50,594 - DataLoader - INFO - Client 0 - Train samples: 2917, Test samples: 730
2025-02-25 19:03:50,594 - DataLoader - INFO - Client 0 - Train class distribution: {1: 1472, 0: 1445}
2025-02-25 19:03:50,594 - DataLoader - INFO - Client 0 - Test class distribution: {1: 378, 0: 352}
2025-02-25 19:03:50,596 - DataLoader - INFO - Client 1 - Train samples: 2918, Test samples: 730
2025-02-25 19:03:50,596 - DataLoader - INFO - Client 1 - Train class distribution: {1: 1498, 0: 1420}
2025-02-25 19:03:50,596 - DataLoader - INFO - Client 1 - Test class distribution: {1: 367, 0: 363}
2025-02-25 19:03:50,599 - DataLoader - INFO - Client 2 - Train samples: 2918, Test samples: 730
2025-02-25 19:03:50,599 - DataLoader - INFO - Client 2 - Train class distribution: {1: 1482, 0: 1436}
2025-02-25 19:03:50,599 - DataLoader - INFO - Client 2 - Test class distribution: {0: 371, 1: 359}
2025-02-25 19:03:50,600 - Client_2 - INFO - Client 2 - Starting with 2918 training samples, 730 testing samples
2025-02-25 19:03:50,863 - Client_2 - INFO - Client 2 initialized on device: cpu
2025-02-25 19:03:50,864 - Client_2 - INFO - Client 2 - Training set size: 2918, Test set size: 730
2025-02-25 19:03:50,864 - flwr - WARNING - DEPRECATED FEATURE: flwr.client.start_numpy_client() is deprecated. 
	Instead, use `flwr.client.start_client()` by ensuring you first call the `.to_client()` method as shown below: 
	flwr.client.start_client(
		server_address='<IP>:<PORT>',
		client=FlowerClient().to_client(), # <-- where FlowerClient is of type flwr.client.NumPyClient object
	)
	Using `start_numpy_client()` is deprecated.

            This is a deprecated feature. It will be removed
            entirely in future versions of Flower.
        
2025-02-25 19:03:50,864 - flwr - WARNING - DEPRECATED FEATURE: flwr.client.start_client() is deprecated.
	Instead, use the `flower-supernode` CLI command to start a SuperNode as shown below:

		$ flower-supernode --insecure --superlink='<IP>:<PORT>'

	To view all available options, run:

		$ flower-supernode --help

	Using `start_client()` is deprecated.

            This is a deprecated feature. It will be removed
            entirely in future versions of Flower.
        
2025-02-25 19:03:50,874 - flwr - DEBUG - Opened insecure gRPC connection (no certificates were passed)
2025-02-25 19:03:50,876 - flwr - DEBUG - ChannelConnectivity.IDLE
2025-02-25 19:03:50,888 - flwr - DEBUG - ChannelConnectivity.CONNECTING
2025-02-25 19:03:50,893 - flwr - DEBUG - ChannelConnectivity.READY
2025-02-25 19:05:22,289 - Server - INFO - 
Server-side evaluation - Round 0
2025-02-25 19:05:22,289 - Server - INFO - Loss: 0.6698
2025-02-25 19:05:22,289 - Server - INFO - Accuracy: 0.5347, F1: 0.4324, Precision: 0.6101, Recall: 0.5347
2025-02-25 19:05:22,290 - Server - INFO - True class distribution: {0: 1086, 1: 1104}
2025-02-25 19:05:22,290 - Server - INFO - Prediction distribution: {0: 167, 1: 2023}
2025-02-25 19:05:22,290 - Server - INFO - 
Confusion Matrix:
2025-02-25 19:05:22,293 - Server - INFO - 
[[ 117  969]
 [  50 1054]]
2025-02-25 19:05:22,293 - Server - INFO - 
Classification Report:
2025-02-25 19:05:22,321 - Server - INFO - 
              precision    recall  f1-score   support

           0       0.70      0.11      0.19      1086
           1       0.52      0.95      0.67      1104

    accuracy                           0.53      2190
   macro avg       0.61      0.53      0.43      2190
weighted avg       0.61      0.53      0.43      2190

2025-02-25 19:05:22,400 - Server - INFO - Model saved after round 0
2025-02-25 19:05:22,410 - flwr - INFO - initial parameters (loss, other metrics): 0.6698389986286992, {'accuracy': 0.534703196347032, 'f1': 0.43244309490683464, 'precision': 0.6100655601425216, 'recall': 0.534703196347032}
2025-02-25 19:05:22,410 - flwr - INFO - 
2025-02-25 19:05:22,411 - flwr - INFO - [ROUND 1]
2025-02-25 19:05:22,411 - flwr - INFO - configure_fit: strategy sampled 3 clients (out of 3)
2025-02-25 19:05:23,564 - flwr - INFO - 
2025-02-25 19:05:23,564 - flwr - INFO - Received: train message 409d0232-2182-4682-b20a-54fa38d4d2f5
2025-02-25 19:05:23,592 - Client_2 - INFO - 
Client 2 - Starting training round
2025-02-25 19:05:23,592 - Client_2 - INFO - Client 2 - Training on 2918 samples
2025-02-25 19:05:23,652 - flwr - INFO - 
2025-02-25 19:05:23,653 - flwr - INFO - Received: train message 27e343c9-3db9-40c3-a41c-fc47f9adf6d0
2025-02-25 19:05:23,676 - Client_0 - INFO - 
Client 0 - Starting training round
2025-02-25 19:05:23,676 - Client_0 - INFO - Client 0 - Training on 2917 samples
2025-02-25 19:05:24,175 - flwr - INFO - 
2025-02-25 19:05:24,175 - flwr - INFO - Received: train message 4ef47738-2f07-4576-9fae-c7e18d445190
2025-02-25 19:05:24,214 - Client_1 - INFO - 
Client 1 - Starting training round
2025-02-25 19:05:24,214 - Client_1 - INFO - Client 1 - Training on 2918 samples
2025-02-25 19:05:30,079 - Client_2 - INFO - Client 2 - Epoch 0 - Batch 0/92 - Loss: 0.6596
2025-02-25 19:05:30,245 - Client_0 - INFO - Client 0 - Epoch 0 - Batch 0/92 - Loss: 0.6626
2025-02-25 19:05:32,198 - Client_1 - INFO - Client 1 - Epoch 0 - Batch 0/92 - Loss: 0.7084
2025-02-25 19:06:39,071 - Client_0 - INFO - Client 0 - Epoch 0 - Batch 10/92 - Loss: 0.5125
2025-02-25 19:06:39,415 - Client_2 - INFO - Client 2 - Epoch 0 - Batch 10/92 - Loss: 0.6090
2025-02-25 19:06:45,680 - Client_1 - INFO - Client 1 - Epoch 0 - Batch 10/92 - Loss: 0.3007
2025-02-25 19:07:54,017 - Client_0 - INFO - Client 0 - Epoch 0 - Batch 20/92 - Loss: 0.1772
2025-02-25 19:07:54,614 - Client_2 - INFO - Client 2 - Epoch 0 - Batch 20/92 - Loss: 0.5211
2025-02-25 19:07:58,449 - Client_1 - INFO - Client 1 - Epoch 0 - Batch 20/92 - Loss: 0.1671
2025-02-25 19:09:06,785 - Client_0 - INFO - Client 0 - Epoch 0 - Batch 30/92 - Loss: 0.5328
2025-02-25 19:09:07,406 - Client_2 - INFO - Client 2 - Epoch 0 - Batch 30/92 - Loss: 0.2541
2025-02-25 19:09:10,993 - Client_1 - INFO - Client 1 - Epoch 0 - Batch 30/92 - Loss: 0.1462
2025-02-25 19:10:23,713 - Client_0 - INFO - Client 0 - Epoch 0 - Batch 40/92 - Loss: 0.2672
2025-02-25 19:10:23,820 - Client_2 - INFO - Client 2 - Epoch 0 - Batch 40/92 - Loss: 0.1085
2025-02-25 19:10:24,825 - Client_1 - INFO - Client 1 - Epoch 0 - Batch 40/92 - Loss: 0.1004
2025-02-25 19:11:36,645 - Client_0 - INFO - Client 0 - Epoch 0 - Batch 50/92 - Loss: 0.3739
2025-02-25 19:11:38,885 - Client_2 - INFO - Client 2 - Epoch 0 - Batch 50/92 - Loss: 0.1169
2025-02-25 19:11:39,247 - Client_1 - INFO - Client 1 - Epoch 0 - Batch 50/92 - Loss: 0.2739
2025-02-25 19:12:57,918 - Client_0 - INFO - Client 0 - Epoch 0 - Batch 60/92 - Loss: 0.2120
2025-02-25 19:12:59,169 - Client_2 - INFO - Client 2 - Epoch 0 - Batch 60/92 - Loss: 0.1600
2025-02-25 19:13:01,230 - Client_1 - INFO - Client 1 - Epoch 0 - Batch 60/92 - Loss: 0.3188
2025-02-25 19:14:16,135 - Client_0 - INFO - Client 0 - Epoch 0 - Batch 70/92 - Loss: 0.2060
2025-02-25 19:14:19,633 - Client_2 - INFO - Client 2 - Epoch 0 - Batch 70/92 - Loss: 0.1349
2025-02-25 19:14:19,862 - Client_1 - INFO - Client 1 - Epoch 0 - Batch 70/92 - Loss: 0.0901
2025-02-25 19:15:31,887 - Client_1 - INFO - Client 1 - Epoch 0 - Batch 80/92 - Loss: 0.4483
2025-02-25 19:15:31,921 - Client_2 - INFO - Client 2 - Epoch 0 - Batch 80/92 - Loss: 0.1089
2025-02-25 19:15:32,384 - Client_0 - INFO - Client 0 - Epoch 0 - Batch 80/92 - Loss: 0.2951
2025-02-25 19:16:42,766 - Client_2 - INFO - Client 2 - Epoch 0 - Batch 90/92 - Loss: 0.0509
2025-02-25 19:16:43,743 - Client_1 - INFO - Client 1 - Epoch 0 - Batch 90/92 - Loss: 0.0971
2025-02-25 19:16:43,918 - Client_0 - INFO - Client 0 - Epoch 0 - Batch 90/92 - Loss: 0.1976
2025-02-25 19:16:44,613 - Client_2 - INFO - Client 2 - Epoch 0 - Loss: 0.2518, Accuracy: 0.9119, F1: 0.9119, Precision: 0.9121, Recall: 0.9119
2025-02-25 19:16:44,613 - Client_2 - INFO - Client 2 - Epoch 0 - Prediction distribution: {0: 1467, 1: 1451}
2025-02-25 19:16:45,235 - Client_0 - INFO - Client 0 - Epoch 0 - Loss: 0.2589, Accuracy: 0.9044, F1: 0.9044, Precision: 0.9044, Recall: 0.9044
2025-02-25 19:16:45,236 - Client_0 - INFO - Client 0 - Epoch 0 - Prediction distribution: {0: 1456, 1: 1461}
2025-02-25 19:16:45,264 - Client_1 - INFO - Client 1 - Epoch 0 - Loss: 0.2317, Accuracy: 0.9236, F1: 0.9236, Precision: 0.9237, Recall: 0.9236
2025-02-25 19:16:45,264 - Client_1 - INFO - Client 1 - Epoch 0 - Prediction distribution: {0: 1441, 1: 1477}
2025-02-25 19:17:40,087 - Client_2 - INFO - Client 2 - Validation: Loss=0.1656, Accuracy=0.9507
2025-02-25 19:17:40,147 - Client_0 - INFO - Client 0 - Validation: Loss=0.1776, Accuracy=0.9356
2025-02-25 19:17:40,147 - Client_1 - INFO - Client 1 - Validation: Loss=0.1324, Accuracy=0.9603
2025-02-25 19:17:46,703 - Client_2 - INFO - Client 2 - Epoch 1 - Batch 0/92 - Loss: 0.3823
2025-02-25 19:17:46,774 - Client_1 - INFO - Client 1 - Epoch 1 - Batch 0/92 - Loss: 0.3152
2025-02-25 19:17:46,836 - Client_0 - INFO - Client 0 - Epoch 1 - Batch 0/92 - Loss: 0.0693
2025-02-25 19:18:50,616 - Client_1 - INFO - Client 1 - Epoch 1 - Batch 10/92 - Loss: 1.8655
2025-02-25 19:18:52,228 - Client_2 - INFO - Client 2 - Epoch 1 - Batch 10/92 - Loss: 0.7065
2025-02-25 19:18:52,325 - Client_0 - INFO - Client 0 - Epoch 1 - Batch 10/92 - Loss: 0.9510
2025-02-25 19:19:52,014 - Client_0 - INFO - Client 0 - Epoch 1 - Batch 20/92 - Loss: 0.6898
2025-02-25 19:19:52,125 - Client_1 - INFO - Client 1 - Epoch 1 - Batch 20/92 - Loss: 0.6880
2025-02-25 19:19:55,526 - Client_2 - INFO - Client 2 - Epoch 1 - Batch 20/92 - Loss: 0.6543
2025-02-25 19:20:52,749 - Client_0 - INFO - Client 0 - Epoch 1 - Batch 30/92 - Loss: 0.6954
2025-02-25 19:20:56,829 - Client_1 - INFO - Client 1 - Epoch 1 - Batch 30/92 - Loss: 5.1071
2025-02-25 19:20:58,710 - Client_2 - INFO - Client 2 - Epoch 1 - Batch 30/92 - Loss: 0.6528
2025-02-25 19:21:53,637 - Client_0 - INFO - Client 0 - Epoch 1 - Batch 40/92 - Loss: 0.6975
2025-02-25 19:21:59,281 - Client_1 - INFO - Client 1 - Epoch 1 - Batch 40/92 - Loss: 0.7164
2025-02-25 19:22:00,617 - Client_2 - INFO - Client 2 - Epoch 1 - Batch 40/92 - Loss: 0.5594
2025-02-25 19:22:55,418 - Client_0 - INFO - Client 0 - Epoch 1 - Batch 50/92 - Loss: 0.6845
2025-02-25 19:23:01,554 - Client_1 - INFO - Client 1 - Epoch 1 - Batch 50/92 - Loss: 0.7127
2025-02-25 19:23:01,673 - Client_2 - INFO - Client 2 - Epoch 1 - Batch 50/92 - Loss: 0.7287
2025-02-25 19:24:01,959 - Client_0 - INFO - Client 0 - Epoch 1 - Batch 60/92 - Loss: 0.6922
2025-02-25 19:24:05,687 - Client_2 - INFO - Client 2 - Epoch 1 - Batch 60/92 - Loss: 0.4754
2025-02-25 19:24:10,580 - Client_1 - INFO - Client 1 - Epoch 1 - Batch 60/92 - Loss: 0.7051
2025-02-25 19:25:11,254 - Client_0 - INFO - Client 0 - Epoch 1 - Batch 70/92 - Loss: 0.6928
2025-02-25 19:25:17,559 - Client_1 - INFO - Client 1 - Epoch 1 - Batch 70/92 - Loss: 0.6834
2025-02-25 19:25:17,622 - Client_2 - INFO - Client 2 - Epoch 1 - Batch 70/92 - Loss: 0.6892
2025-02-25 19:26:20,915 - Client_0 - INFO - Client 0 - Epoch 1 - Batch 80/92 - Loss: 0.6918
2025-02-25 19:26:27,452 - Client_1 - INFO - Client 1 - Epoch 1 - Batch 80/92 - Loss: 0.6843
2025-02-25 19:26:27,535 - Client_2 - INFO - Client 2 - Epoch 1 - Batch 80/92 - Loss: 0.4527
2025-02-25 19:27:29,900 - Client_0 - INFO - Client 0 - Epoch 1 - Batch 90/92 - Loss: 0.6924
2025-02-25 19:27:32,357 - Client_0 - INFO - Client 0 - Epoch 1 - Loss: 0.6989, Accuracy: 0.4967, F1: 0.4951, Precision: 0.4973, Recall: 0.4967
2025-02-25 19:27:32,357 - Client_0 - INFO - Client 0 - Epoch 1 - Prediction distribution: {0: 1623, 1: 1294}
2025-02-25 19:27:32,513 - Client_2 - INFO - Client 2 - Epoch 1 - Batch 90/92 - Loss: 0.5241
2025-02-25 19:27:32,640 - Client_1 - INFO - Client 1 - Epoch 1 - Batch 90/92 - Loss: 0.7053
2025-02-25 19:27:34,083 - Client_2 - INFO - Client 2 - Epoch 1 - Loss: 0.6311, Accuracy: 0.6676, F1: 0.6649, Precision: 0.6713, Recall: 0.6676
2025-02-25 19:27:34,083 - Client_2 - INFO - Client 2 - Epoch 1 - Prediction distribution: {0: 1198, 1: 1720}
2025-02-25 19:27:34,176 - Client_1 - INFO - Client 1 - Epoch 1 - Loss: 4.9105, Accuracy: 0.5387, F1: 0.5380, Precision: 0.5382, Recall: 0.5387
2025-02-25 19:27:34,176 - Client_1 - INFO - Client 1 - Epoch 1 - Prediction distribution: {0: 1340, 1: 1578}
2025-02-25 19:28:33,102 - Client_2 - INFO - Client 2 - Validation: Loss=0.4372, Accuracy=0.8123
2025-02-25 19:28:33,103 - Client_1 - INFO - Client 1 - Validation: Loss=0.6933, Accuracy=0.5096
2025-02-25 19:28:33,479 - flwr - INFO - Sent reply
2025-02-25 19:28:33,510 - flwr - INFO - Sent reply
2025-02-25 19:28:33,667 - Client_0 - INFO - Client 0 - Validation: Loss=0.6903, Accuracy=0.5178
2025-02-25 19:28:34,090 - flwr - INFO - Sent reply
2025-02-25 19:28:35,063 - flwr - INFO - aggregate_fit: received 3 results and 0 failures
2025-02-25 19:28:35,281 - flwr - WARNING - No fit_metrics_aggregation_fn provided
2025-02-25 19:28:35,782 - Server - INFO - Server-side evaluation - Round 1 - Testing on 2190 samples
2025-02-25 19:29:58,851 - Server - INFO - 
Server-side evaluation - Round 1
2025-02-25 19:29:58,851 - Server - INFO - Loss: 0.7037
2025-02-25 19:29:58,851 - Server - INFO - Accuracy: 0.5041, F1: 0.3379, Precision: 0.2541, Recall: 0.5041
2025-02-25 19:29:58,851 - Server - INFO - True class distribution: {0: 1086, 1: 1104}
2025-02-25 19:29:58,851 - Server - INFO - Prediction distribution: {1: 2190}
2025-02-25 19:29:58,851 - Server - INFO - 
Confusion Matrix:
2025-02-25 19:29:58,854 - Server - INFO - 
[[   0 1086]
 [   0 1104]]
2025-02-25 19:29:58,854 - Server - INFO - 
Classification Report:
2025-02-25 19:29:58,864 - Server - INFO - 
              precision    recall  f1-score   support

           0       0.00      0.00      0.00      1086
           1       0.50      1.00      0.67      1104

    accuracy                           0.50      2190
   macro avg       0.25      0.50      0.34      2190
weighted avg       0.25      0.50      0.34      2190

2025-02-25 19:29:58,922 - Server - INFO - Model saved after round 1
2025-02-25 19:29:58,925 - flwr - INFO - fit progress: (1, 0.7036557759063832, {'accuracy': 0.5041095890410959, 'f1': 0.3379095241659805, 'precision': 0.2541264777631826, 'recall': 0.5041095890410959}, 1476.5148838999994)
2025-02-25 19:29:58,925 - flwr - INFO - configure_evaluate: strategy sampled 3 clients (out of 3)
2025-02-25 19:29:59,761 - flwr - INFO - 
2025-02-25 19:29:59,761 - flwr - INFO - Received: evaluate message 385b317e-4d7b-4848-a9a8-47f78c5a59b6
2025-02-25 19:29:59,770 - flwr - INFO - 
2025-02-25 19:29:59,770 - flwr - INFO - Received: evaluate message 42ee56cd-3b23-4acb-b3ed-ed90a2ad54f6
2025-02-25 19:29:59,770 - flwr - INFO - 
2025-02-25 19:29:59,771 - flwr - INFO - Received: evaluate message 586b460f-2a9a-40a9-a878-df396aa895b2
2025-02-25 19:29:59,788 - Client_0 - INFO - 
Client 0 - Starting evaluation
2025-02-25 19:29:59,788 - Client_0 - INFO - Client 0 - Evaluating on 730 samples
2025-02-25 19:29:59,805 - Client_1 - INFO - 
Client 1 - Starting evaluation
2025-02-25 19:29:59,805 - Client_1 - INFO - Client 1 - Evaluating on 730 samples
2025-02-25 19:29:59,806 - Client_2 - INFO - 
Client 2 - Starting evaluation
2025-02-25 19:29:59,806 - Client_2 - INFO - Client 2 - Evaluating on 730 samples
2025-02-25 19:30:59,138 - Client_0 - INFO - 
Client 0 - Evaluation Results:
2025-02-25 19:30:59,138 - Client_0 - INFO - Loss: 0.6992
2025-02-25 19:30:59,138 - Client_0 - INFO - Accuracy: 0.5178, F1: 0.3533, Precision: 0.2681, Recall: 0.5178
2025-02-25 19:30:59,138 - Client_0 - INFO - True class distribution: {0: 352, 1: 378}
2025-02-25 19:30:59,138 - Client_0 - INFO - Prediction distribution: {1: 730}
2025-02-25 19:30:59,138 - Client_0 - INFO - 
Confusion Matrix:
2025-02-25 19:30:59,138 - Client_0 - INFO - 
[[  0 352]
 [  0 378]]
2025-02-25 19:30:59,138 - Client_0 - INFO - 
Classification Report:
2025-02-25 19:30:59,169 - Client_0 - INFO - 
              precision    recall  f1-score   support

           0       0.00      0.00      0.00       352
           1       0.52      1.00      0.68       378

    accuracy                           0.52       730
   macro avg       0.26      0.50      0.34       730
weighted avg       0.27      0.52      0.35       730

2025-02-25 19:30:59,185 - flwr - INFO - Sent reply
2025-02-25 19:30:59,858 - Client_1 - INFO - 
Client 1 - Evaluation Results:
2025-02-25 19:30:59,858 - Client_1 - INFO - Loss: 0.7034
2025-02-25 19:30:59,858 - Client_1 - INFO - Accuracy: 0.5027, F1: 0.3364, Precision: 0.2527, Recall: 0.5027
2025-02-25 19:30:59,858 - Client_1 - INFO - True class distribution: {0: 363, 1: 367}
2025-02-25 19:30:59,858 - Client_1 - INFO - Prediction distribution: {1: 730}
2025-02-25 19:30:59,858 - Client_1 - INFO - 
Confusion Matrix:
2025-02-25 19:30:59,858 - Client_1 - INFO - 
[[  0 363]
 [  0 367]]
2025-02-25 19:30:59,858 - Client_1 - INFO - 
Classification Report:
2025-02-25 19:30:59,874 - Client_1 - INFO - 
              precision    recall  f1-score   support

           0       0.00      0.00      0.00       363
           1       0.50      1.00      0.67       367

    accuracy                           0.50       730
   macro avg       0.25      0.50      0.33       730
weighted avg       0.25      0.50      0.34       730

2025-02-25 19:30:59,889 - flwr - INFO - Sent reply
2025-02-25 19:31:00,550 - Client_2 - INFO - 
Client 2 - Evaluation Results:
2025-02-25 19:31:00,550 - Client_2 - INFO - Loss: 0.7073
2025-02-25 19:31:00,550 - Client_2 - INFO - Accuracy: 0.4918, F1: 0.3242, Precision: 0.2418, Recall: 0.4918
2025-02-25 19:31:00,550 - Client_2 - INFO - True class distribution: {0: 371, 1: 359}
2025-02-25 19:31:00,550 - Client_2 - INFO - Prediction distribution: {1: 730}
2025-02-25 19:31:00,550 - Client_2 - INFO - 
Confusion Matrix:
2025-02-25 19:31:00,565 - Client_2 - INFO - 
[[  0 371]
 [  0 359]]
2025-02-25 19:31:00,565 - Client_2 - INFO - 
Classification Report:
2025-02-25 19:31:00,565 - Client_2 - INFO - 
              precision    recall  f1-score   support

           0       0.00      0.00      0.00       371
           1       0.49      1.00      0.66       359

    accuracy                           0.49       730
   macro avg       0.25      0.50      0.33       730
weighted avg       0.24      0.49      0.32       730

2025-02-25 19:31:00,565 - flwr - INFO - Sent reply
2025-02-25 19:31:00,580 - flwr - INFO - aggregate_evaluate: received 3 results and 0 failures
2025-02-25 19:31:00,580 - flwr - WARNING - No evaluate_metrics_aggregation_fn provided
2025-02-25 19:31:00,580 - flwr - INFO - 
2025-02-25 19:31:00,596 - flwr - INFO - [ROUND 2]
2025-02-25 19:31:00,596 - flwr - INFO - configure_fit: strategy sampled 3 clients (out of 3)
2025-02-25 19:31:01,550 - flwr - INFO - 
2025-02-25 19:31:01,550 - flwr - INFO - Received: train message f584ee9b-6787-4133-8496-ad88540d34bf
2025-02-25 19:31:01,566 - Client_1 - INFO - 
Client 1 - Starting training round
2025-02-25 19:31:01,566 - Client_1 - INFO - Client 1 - Training on 2918 samples
2025-02-25 19:31:01,739 - flwr - INFO - 
2025-02-25 19:31:01,739 - flwr - INFO - Received: train message ce5890c7-8efc-4b6c-b3c7-50cabb90a7e4
2025-02-25 19:31:01,770 - Client_0 - INFO - 
Client 0 - Starting training round
2025-02-25 19:31:01,770 - Client_0 - INFO - Client 0 - Training on 2917 samples
2025-02-25 19:31:02,786 - flwr - INFO - 
2025-02-25 19:31:02,786 - flwr - INFO - Received: train message 18cdf1c4-0b06-4bf3-b8f4-a6aaf4b29fee
2025-02-25 19:31:02,849 - Client_2 - INFO - 
Client 2 - Starting training round
2025-02-25 19:31:02,849 - Client_2 - INFO - Client 2 - Training on 2918 samples
2025-02-25 19:31:07,247 - Client_1 - INFO - Client 1 - Epoch 0 - Batch 0/92 - Loss: 1.1210
2025-02-25 19:31:07,294 - Client_0 - INFO - Client 0 - Epoch 0 - Batch 0/92 - Loss: 1.2084
2025-02-25 19:31:12,576 - Client_2 - INFO - Client 2 - Epoch 0 - Batch 0/92 - Loss: 1.1240
2025-02-25 19:32:20,969 - Client_0 - INFO - Client 0 - Epoch 0 - Batch 10/92 - Loss: 0.5731
2025-02-25 19:32:21,767 - Client_1 - INFO - Client 1 - Epoch 0 - Batch 10/92 - Loss: 0.0706
2025-02-25 19:32:25,489 - Client_2 - INFO - Client 2 - Epoch 0 - Batch 10/92 - Loss: 0.1466
2025-02-25 19:33:29,165 - Client_0 - INFO - Client 0 - Epoch 0 - Batch 20/92 - Loss: 0.1881
2025-02-25 19:33:33,452 - Client_2 - INFO - Client 2 - Epoch 0 - Batch 20/92 - Loss: 0.2004
2025-02-25 19:33:35,093 - Client_1 - INFO - Client 1 - Epoch 0 - Batch 20/92 - Loss: 0.1201
2025-02-25 19:34:46,116 - Client_2 - INFO - Client 2 - Epoch 0 - Batch 30/92 - Loss: 0.1930
2025-02-25 19:34:46,225 - Client_0 - INFO - Client 0 - Epoch 0 - Batch 30/92 - Loss: 0.1125
2025-02-25 19:34:46,350 - Client_1 - INFO - Client 1 - Epoch 0 - Batch 30/92 - Loss: 0.3124
2025-02-25 19:35:54,153 - Client_0 - INFO - Client 0 - Epoch 0 - Batch 40/92 - Loss: 0.3749
2025-02-25 19:35:54,404 - Client_2 - INFO - Client 2 - Epoch 0 - Batch 40/92 - Loss: 0.1421
2025-02-25 19:36:01,459 - Client_1 - INFO - Client 1 - Epoch 0 - Batch 40/92 - Loss: 0.1499
2025-02-25 19:37:02,882 - Client_0 - INFO - Client 0 - Epoch 0 - Batch 50/92 - Loss: 0.1093
2025-02-25 19:37:09,251 - Client_2 - INFO - Client 2 - Epoch 0 - Batch 50/92 - Loss: 0.0918
2025-02-25 19:37:10,365 - Client_1 - INFO - Client 1 - Epoch 0 - Batch 50/92 - Loss: 0.3282
2025-02-25 19:38:16,182 - Client_0 - INFO - Client 0 - Epoch 0 - Batch 60/92 - Loss: 0.2151
2025-02-25 19:38:22,297 - Client_2 - INFO - Client 2 - Epoch 0 - Batch 60/92 - Loss: 0.1554
2025-02-25 19:38:28,056 - Client_1 - INFO - Client 1 - Epoch 0 - Batch 60/92 - Loss: 0.0403
2025-02-25 19:39:28,715 - Client_0 - INFO - Client 0 - Epoch 0 - Batch 70/92 - Loss: 0.0571
2025-02-25 19:39:38,855 - Client_2 - INFO - Client 2 - Epoch 0 - Batch 70/92 - Loss: 0.0444
2025-02-25 19:39:44,999 - Client_1 - INFO - Client 1 - Epoch 0 - Batch 70/92 - Loss: 0.4027
2025-02-25 19:40:44,892 - Client_0 - INFO - Client 0 - Epoch 0 - Batch 80/92 - Loss: 0.1024
2025-02-25 19:40:56,036 - Client_2 - INFO - Client 2 - Epoch 0 - Batch 80/92 - Loss: 0.2013
2025-02-25 19:40:59,128 - Client_1 - INFO - Client 1 - Epoch 0 - Batch 80/92 - Loss: 0.2958
2025-02-25 19:41:59,046 - Client_0 - INFO - Client 0 - Epoch 0 - Batch 90/92 - Loss: 0.0791
2025-02-25 19:42:01,318 - Client_0 - INFO - Client 0 - Epoch 0 - Loss: 0.1849, Accuracy: 0.9297, F1: 0.9297, Precision: 0.9297, Recall: 0.9297
2025-02-25 19:42:01,318 - Client_0 - INFO - Client 0 - Epoch 0 - Prediction distribution: {0: 1454, 1: 1463}
2025-02-25 19:42:06,892 - Client_2 - INFO - Client 2 - Epoch 0 - Batch 90/92 - Loss: 0.1868
2025-02-25 19:42:09,283 - Client_2 - INFO - Client 2 - Epoch 0 - Loss: 0.1730, Accuracy: 0.9325, F1: 0.9325, Precision: 0.9325, Recall: 0.9325
2025-02-25 19:42:09,283 - Client_2 - INFO - Client 2 - Epoch 0 - Prediction distribution: {0: 1437, 1: 1481}
2025-02-25 19:42:09,355 - Client_1 - INFO - Client 1 - Epoch 0 - Batch 90/92 - Loss: 0.0239
2025-02-25 19:42:11,459 - Client_1 - INFO - Client 1 - Epoch 0 - Loss: 0.1538, Accuracy: 0.9414, F1: 0.9414, Precision: 0.9414, Recall: 0.9414
2025-02-25 19:42:11,460 - Client_1 - INFO - Client 1 - Epoch 0 - Prediction distribution: {0: 1413, 1: 1505}
2025-02-25 19:43:00,811 - Client_0 - INFO - Client 0 - Validation: Loss=0.1032, Accuracy=0.9685
2025-02-25 19:43:07,496 - Client_2 - INFO - Client 2 - Validation: Loss=0.1758, Accuracy=0.9397
2025-02-25 19:43:07,565 - Client_0 - INFO - Client 0 - Epoch 1 - Batch 0/92 - Loss: 0.0305
2025-02-25 19:43:10,536 - Client_1 - INFO - Client 1 - Validation: Loss=0.0989, Accuracy=0.9712
2025-02-25 19:43:13,511 - Client_2 - INFO - Client 2 - Epoch 1 - Batch 0/92 - Loss: 0.3309
2025-02-25 19:43:17,821 - Client_1 - INFO - Client 1 - Epoch 1 - Batch 0/92 - Loss: 0.0100
2025-02-25 19:44:13,835 - Client_0 - INFO - Client 0 - Epoch 1 - Batch 10/92 - Loss: 0.6633
2025-02-25 19:44:27,448 - Client_2 - INFO - Client 2 - Epoch 1 - Batch 10/92 - Loss: 0.5489
2025-02-25 19:44:32,816 - Client_1 - INFO - Client 1 - Epoch 1 - Batch 10/92 - Loss: 0.1936
2025-02-25 19:45:31,854 - Client_0 - INFO - Client 0 - Epoch 1 - Batch 20/92 - Loss: 0.9110
2025-02-25 19:45:40,365 - Client_2 - INFO - Client 2 - Epoch 1 - Batch 20/92 - Loss: 0.6396
2025-02-25 19:45:44,705 - Client_1 - INFO - Client 1 - Epoch 1 - Batch 20/92 - Loss: 0.1679
2025-02-25 19:46:40,999 - Client_0 - INFO - Client 0 - Epoch 1 - Batch 30/92 - Loss: 0.6876
2025-02-25 19:46:47,542 - Client_2 - INFO - Client 2 - Epoch 1 - Batch 30/92 - Loss: 0.4012
2025-02-25 19:46:54,046 - Client_1 - INFO - Client 1 - Epoch 1 - Batch 30/92 - Loss: 0.2127
2025-02-25 19:47:53,172 - Client_0 - INFO - Client 0 - Epoch 1 - Batch 40/92 - Loss: 0.6970
2025-02-25 19:47:55,815 - Client_2 - INFO - Client 2 - Epoch 1 - Batch 40/92 - Loss: 0.7700
2025-02-25 19:48:02,729 - Client_1 - INFO - Client 1 - Epoch 1 - Batch 40/92 - Loss: 0.1104
2025-02-25 19:49:01,360 - Client_0 - INFO - Client 0 - Epoch 1 - Batch 50/92 - Loss: 0.6923
2025-02-25 19:49:06,473 - Client_2 - INFO - Client 2 - Epoch 1 - Batch 50/92 - Loss: 0.2795
2025-02-25 19:49:07,818 - Client_1 - INFO - Client 1 - Epoch 1 - Batch 50/92 - Loss: 0.1827
2025-02-25 19:50:12,807 - Client_0 - INFO - Client 0 - Epoch 1 - Batch 60/92 - Loss: 0.6948
2025-02-25 19:50:16,599 - Client_2 - INFO - Client 2 - Epoch 1 - Batch 60/92 - Loss: 0.4483
2025-02-25 19:50:16,669 - Client_1 - INFO - Client 1 - Epoch 1 - Batch 60/92 - Loss: 0.1129
2025-02-25 19:51:26,266 - Client_0 - INFO - Client 0 - Epoch 1 - Batch 70/92 - Loss: 0.7024
2025-02-25 19:51:30,019 - Client_2 - INFO - Client 2 - Epoch 1 - Batch 70/92 - Loss: 0.4500
2025-02-25 19:51:31,069 - Client_1 - INFO - Client 1 - Epoch 1 - Batch 70/92 - Loss: 0.0975
2025-02-25 19:52:31,032 - Client_0 - INFO - Client 0 - Epoch 1 - Batch 80/92 - Loss: 0.6934
2025-02-25 19:52:36,563 - Client_2 - INFO - Client 2 - Epoch 1 - Batch 80/92 - Loss: 0.3188
2025-02-25 19:52:37,552 - Client_1 - INFO - Client 1 - Epoch 1 - Batch 80/92 - Loss: 0.1589
2025-02-25 19:53:29,266 - Client_0 - INFO - Client 0 - Epoch 1 - Batch 90/92 - Loss: 0.6980
2025-02-25 19:53:31,101 - Client_0 - INFO - Client 0 - Epoch 1 - Loss: 0.7148, Accuracy: 0.5266, F1: 0.5227, Precision: 0.5284, Recall: 0.5266
2025-02-25 19:53:31,101 - Client_0 - INFO - Client 0 - Epoch 1 - Prediction distribution: {0: 1720, 1: 1197}
2025-02-25 19:53:36,215 - Client_2 - INFO - Client 2 - Epoch 1 - Batch 90/92 - Loss: 0.2267
2025-02-25 19:53:37,961 - Client_2 - INFO - Client 2 - Epoch 1 - Loss: 0.4020, Accuracy: 0.8245, F1: 0.8245, Precision: 0.8247, Recall: 0.8245
2025-02-25 19:53:37,961 - Client_2 - INFO - Client 2 - Epoch 1 - Prediction distribution: {0: 1462, 1: 1456}
2025-02-25 19:53:40,506 - Client_1 - INFO - Client 1 - Epoch 1 - Batch 90/92 - Loss: 0.7647
2025-02-25 19:53:41,807 - Client_1 - INFO - Client 1 - Epoch 1 - Loss: 0.2261, Accuracy: 0.9184, F1: 0.9185, Precision: 0.9187, Recall: 0.9184
2025-02-25 19:53:41,808 - Client_1 - INFO - Client 1 - Epoch 1 - Prediction distribution: {0: 1450, 1: 1468}
2025-02-25 19:54:25,346 - Client_0 - INFO - Client 0 - Validation: Loss=0.6937, Accuracy=0.4822
2025-02-25 19:54:25,718 - flwr - INFO - Sent reply
2025-02-25 19:54:30,263 - Client_2 - INFO - Client 2 - Validation: Loss=0.3971, Accuracy=0.8384
2025-02-25 19:54:30,615 - flwr - INFO - Sent reply
2025-02-25 19:54:32,204 - Client_1 - INFO - Client 1 - Validation: Loss=0.1898, Accuracy=0.9233
2025-02-25 19:54:32,483 - flwr - INFO - Sent reply
2025-02-25 19:54:33,052 - flwr - INFO - aggregate_fit: received 3 results and 0 failures
2025-02-25 19:54:33,720 - Server - INFO - Server-side evaluation - Round 2 - Testing on 2190 samples
2025-02-25 19:55:54,141 - Server - INFO - 
Server-side evaluation - Round 2
2025-02-25 19:55:54,141 - Server - INFO - Loss: 0.5227
2025-02-25 19:55:54,141 - Server - INFO - Accuracy: 0.8658, F1: 0.8648, Precision: 0.8755, Recall: 0.8658
2025-02-25 19:55:54,141 - Server - INFO - True class distribution: {0: 1086, 1: 1104}
2025-02-25 19:55:54,141 - Server - INFO - Prediction distribution: {0: 908, 1: 1282}
2025-02-25 19:55:54,141 - Server - INFO - 
Confusion Matrix:
2025-02-25 19:55:54,147 - Server - INFO - 
[[ 850  236]
 [  58 1046]]
2025-02-25 19:55:54,148 - Server - INFO - 
Classification Report:
2025-02-25 19:55:54,175 - Server - INFO - 
              precision    recall  f1-score   support

           0       0.94      0.78      0.85      1086
           1       0.82      0.95      0.88      1104

    accuracy                           0.87      2190
   macro avg       0.88      0.87      0.86      2190
weighted avg       0.88      0.87      0.86      2190

2025-02-25 19:55:54,288 - Server - INFO - Model saved after round 2
2025-02-25 19:55:54,294 - flwr - INFO - fit progress: (2, 0.5226788222789764, {'accuracy': 0.8657534246575342, 'f1': 0.8647689972511432, 'precision': 0.875523975638888, 'recall': 0.8657534246575342}, 3031.8846712999984)
2025-02-25 19:55:54,295 - flwr - INFO - configure_evaluate: strategy sampled 3 clients (out of 3)
2025-02-25 19:55:55,440 - flwr - INFO - 
2025-02-25 19:55:55,441 - flwr - INFO - Received: evaluate message ccdeb0a2-f5b6-43d3-8ab6-84572cfe4e1f
2025-02-25 19:55:55,485 - Client_2 - INFO - 
Client 2 - Starting evaluation
2025-02-25 19:55:55,486 - Client_2 - INFO - Client 2 - Evaluating on 730 samples
2025-02-25 19:55:55,806 - flwr - INFO - 
2025-02-25 19:55:55,808 - flwr - INFO - Received: evaluate message 9d49ff52-b211-4bfb-89e3-833cca691423
2025-02-25 19:55:55,867 - Client_0 - INFO - 
Client 0 - Starting evaluation
2025-02-25 19:55:55,867 - Client_0 - INFO - Client 0 - Evaluating on 730 samples
2025-02-25 19:55:56,010 - flwr - INFO - 
2025-02-25 19:55:56,011 - flwr - INFO - Received: evaluate message fdf6b4f4-850f-4acf-9276-ae9f4b22e981
2025-02-25 19:55:56,055 - Client_1 - INFO - 
Client 1 - Starting evaluation
2025-02-25 19:55:56,055 - Client_1 - INFO - Client 1 - Evaluating on 730 samples
2025-02-25 19:56:50,204 - Client_2 - INFO - 
Client 2 - Evaluation Results:
2025-02-25 19:56:50,204 - Client_2 - INFO - Loss: 0.5269
2025-02-25 19:56:50,204 - Client_2 - INFO - Accuracy: 0.8712, F1: 0.8708, Precision: 0.8786, Recall: 0.8712
2025-02-25 19:56:50,205 - Client_2 - INFO - True class distribution: {0: 371, 1: 359}
2025-02-25 19:56:50,205 - Client_2 - INFO - Prediction distribution: {0: 321, 1: 409}
2025-02-25 19:56:50,205 - Client_2 - INFO - 
Confusion Matrix:
2025-02-25 19:56:50,208 - Client_2 - INFO - 
[[299  72]
 [ 22 337]]
2025-02-25 19:56:50,209 - Client_2 - INFO - 
Classification Report:
2025-02-25 19:56:50,227 - Client_2 - INFO - 
              precision    recall  f1-score   support

           0       0.93      0.81      0.86       371
           1       0.82      0.94      0.88       359

    accuracy                           0.87       730
   macro avg       0.88      0.87      0.87       730
weighted avg       0.88      0.87      0.87       730

2025-02-25 19:56:50,234 - flwr - INFO - Sent reply
2025-02-25 19:56:52,162 - Client_0 - INFO - 
Client 0 - Evaluation Results:
2025-02-25 19:56:52,163 - Client_0 - INFO - Loss: 0.5172
2025-02-25 19:56:52,163 - Client_0 - INFO - Accuracy: 0.8699, F1: 0.8684, Precision: 0.8813, Recall: 0.8699
2025-02-25 19:56:52,163 - Client_0 - INFO - True class distribution: {0: 352, 1: 378}
2025-02-25 19:56:52,163 - Client_0 - INFO - Prediction distribution: {0: 287, 1: 443}
2025-02-25 19:56:52,164 - Client_0 - INFO - 
Confusion Matrix:
2025-02-25 19:56:52,167 - Client_0 - INFO - 
[[272  80]
 [ 15 363]]
2025-02-25 19:56:52,167 - Client_0 - INFO - 
Classification Report:
2025-02-25 19:56:52,184 - Client_0 - INFO - 
              precision    recall  f1-score   support

           0       0.95      0.77      0.85       352
           1       0.82      0.96      0.88       378

    accuracy                           0.87       730
   macro avg       0.88      0.87      0.87       730
weighted avg       0.88      0.87      0.87       730

2025-02-25 19:56:52,204 - flwr - INFO - Sent reply
2025-02-25 19:56:53,646 - Client_1 - INFO - 
Client 1 - Evaluation Results:
2025-02-25 19:56:53,646 - Client_1 - INFO - Loss: 0.5233
2025-02-25 19:56:53,646 - Client_1 - INFO - Accuracy: 0.8562, F1: 0.8550, Precision: 0.8670, Recall: 0.8562
2025-02-25 19:56:53,646 - Client_1 - INFO - True class distribution: {0: 363, 1: 367}
2025-02-25 19:56:53,647 - Client_1 - INFO - Prediction distribution: {0: 300, 1: 430}
2025-02-25 19:56:53,647 - Client_1 - INFO - 
Confusion Matrix:
2025-02-25 19:56:53,649 - Client_1 - INFO - 
[[279  84]
 [ 21 346]]
2025-02-25 19:56:53,649 - Client_1 - INFO - 
Classification Report:
2025-02-25 19:56:53,676 - Client_1 - INFO - 
              precision    recall  f1-score   support

           0       0.93      0.77      0.84       363
           1       0.80      0.94      0.87       367

    accuracy                           0.86       730
   macro avg       0.87      0.86      0.85       730
weighted avg       0.87      0.86      0.86       730

2025-02-25 19:56:53,694 - flwr - INFO - Sent reply
2025-02-25 19:56:53,742 - flwr - INFO - aggregate_evaluate: received 3 results and 0 failures
2025-02-25 19:56:53,761 - flwr - INFO - 
2025-02-25 19:56:53,762 - flwr - INFO - [SUMMARY]
2025-02-25 19:56:53,762 - flwr - INFO - Run finished 2 round(s) in 3091.33s
2025-02-25 19:56:53,764 - flwr - INFO - 	History (loss, distributed):
2025-02-25 19:56:53,765 - flwr - INFO - 		round 1: 0.7033436298370361
2025-02-25 19:56:53,765 - flwr - INFO - 		round 2: 0.5224552551905314
2025-02-25 19:56:53,765 - flwr - INFO - 	History (loss, centralized):
2025-02-25 19:56:53,765 - flwr - INFO - 		round 0: 0.6698389986286992
2025-02-25 19:56:53,766 - flwr - INFO - 		round 1: 0.7036557759063832
2025-02-25 19:56:53,766 - flwr - INFO - 		round 2: 0.5226788222789764
2025-02-25 19:56:53,766 - flwr - INFO - 	History (metrics, centralized):
2025-02-25 19:56:53,766 - flwr - INFO - 	{'accuracy': [(0, 0.534703196347032),
2025-02-25 19:56:53,766 - flwr - INFO - 	              (1, 0.5041095890410959),
2025-02-25 19:56:53,766 - flwr - INFO - 	              (2, 0.8657534246575342)],
2025-02-25 19:56:53,766 - flwr - INFO - 	 'f1': [(0, 0.43244309490683464),
2025-02-25 19:56:53,767 - flwr - INFO - 	        (1, 0.3379095241659805),
2025-02-25 19:56:53,767 - flwr - INFO - 	        (2, 0.8647689972511432)],
2025-02-25 19:56:53,767 - flwr - INFO - 	 'precision': [(0, 0.6100655601425216),
2025-02-25 19:56:53,767 - flwr - INFO - 	               (1, 0.2541264777631826),
2025-02-25 19:56:53,767 - flwr - INFO - 	               (2, 0.875523975638888)],
2025-02-25 19:56:53,767 - flwr - INFO - 	 'recall': [(0, 0.534703196347032),
2025-02-25 19:56:53,768 - flwr - INFO - 	            (1, 0.5041095890410959),
2025-02-25 19:56:53,768 - flwr - INFO - 	            (2, 0.8657534246575342)]}
2025-02-25 19:56:53,768 - flwr - INFO - 
2025-02-25 19:56:53,775 - flwr - INFO - 
2025-02-25 19:56:53,775 - flwr - INFO - Received: reconnect message c0c30788-ae98-4350-b7bf-0785286382a4
2025-02-25 19:56:53,779 - flwr - INFO - 
2025-02-25 19:56:53,780 - flwr - INFO - Received: reconnect message f0519f5a-820e-4141-ac12-ceabc63d2160
2025-02-25 19:56:53,785 - flwr - INFO - 
2025-02-25 19:56:53,785 - flwr - INFO - Received: reconnect message 40ea617c-0826-4d75-a256-61102e7c6849
2025-02-25 19:56:53,846 - flwr - DEBUG - gRPC channel closed
2025-02-25 19:56:53,846 - flwr - INFO - Disconnect and shut down
2025-02-25 19:56:53,849 - flwr - DEBUG - gRPC channel closed
2025-02-25 19:56:53,850 - flwr - INFO - Disconnect and shut down
2025-02-25 19:56:53,862 - flwr - DEBUG - gRPC channel closed
2025-02-25 19:56:53,862 - flwr - INFO - Disconnect and shut down
2025-02-25 19:56:56,519 - Main - INFO - Server process completed!
2025-02-25 19:56:56,519 - Main - INFO - Waiting for Client 0 process to complete...
2025-02-25 19:56:56,997 - Main - INFO - Client 0 process completed!
2025-02-25 19:56:56,997 - Main - INFO - Waiting for Client 1 process to complete...
2025-02-25 19:56:56,997 - Main - INFO - Client 1 process completed!
2025-02-25 19:56:56,998 - Main - INFO - Waiting for Client 2 process to complete...
2025-02-25 19:56:56,998 - Main - INFO - Client 2 process completed!
2025-02-25 19:56:56,998 - Main - INFO - All processes completed successfully!
2025-03-20 20:04:57,122 - Main - INFO - Python version: 3.10.0 (tags/v3.10.0:b494f59, Oct  4 2021, 19:00:18) [MSC v.1929 64 bit (AMD64)]
2025-03-20 20:04:57,123 - Main - INFO - Number of CPUs: 8
2025-03-20 20:04:57,123 - Main - INFO - Torch CUDA available: False
2025-03-20 20:04:57,123 - Main - INFO - Starting server process...
2025-03-20 20:04:57,131 - Main - INFO - Waiting for server to initialize...
2025-03-20 20:05:02,146 - Main - INFO - Starting 3 client processes...
2025-03-20 20:05:02,146 - Main - INFO - Starting client 0 process...
2025-03-20 20:05:03,158 - Main - INFO - Starting client 1 process...
2025-03-20 20:05:04,173 - Main - INFO - Starting client 2 process...
2025-03-20 20:05:05,192 - Main - INFO - All processes started. Waiting for completion...
2025-03-20 20:05:05,193 - Main - INFO - Waiting for Server process to complete...
2025-03-20 20:05:14,248 - DataLoader - INFO - Total dataset size: 10943
2025-03-20 20:05:14,248 - DataLoader - INFO - Class distribution: {1: 5556, 0: 5387}
2025-03-20 20:05:14,262 - DataLoader - INFO - Client 0 - Train samples: 2917, Test samples: 730
2025-03-20 20:05:14,262 - DataLoader - INFO - Client 0 - Train class distribution: {1: 1472, 0: 1445}
2025-03-20 20:05:14,262 - DataLoader - INFO - Client 0 - Test class distribution: {1: 378, 0: 352}
2025-03-20 20:05:14,266 - DataLoader - INFO - Client 1 - Train samples: 2918, Test samples: 730
2025-03-20 20:05:14,266 - DataLoader - INFO - Client 1 - Train class distribution: {1: 1498, 0: 1420}
2025-03-20 20:05:14,266 - DataLoader - INFO - Client 1 - Test class distribution: {1: 367, 0: 363}
2025-03-20 20:05:14,270 - DataLoader - INFO - Client 2 - Train samples: 2918, Test samples: 730
2025-03-20 20:05:14,270 - DataLoader - INFO - Client 2 - Train class distribution: {1: 1482, 0: 1436}
2025-03-20 20:05:14,270 - DataLoader - INFO - Client 2 - Test class distribution: {0: 371, 1: 359}
2025-03-20 20:05:14,271 - Server - INFO - Server-side evaluation - Combined test set size: 2190
2025-03-20 20:05:14,271 - Server - INFO - Starting Flower server...
2025-03-20 20:05:14,273 - flwr - INFO - Starting Flower server, config: ServerConfig(num_rounds=2, round_timeout=None)
2025-03-20 20:05:14,316 - flwr - INFO - Flower ECE: gRPC server running (2 rounds), SSL is disabled
2025-03-20 20:05:14,316 - flwr - INFO - Initializing global parameters
2025-03-20 20:05:14,316 - flwr - INFO - Requesting initial parameters from one random client
2025-03-20 20:05:20,252 - DataLoader - INFO - Total dataset size: 10943
2025-03-20 20:05:20,252 - DataLoader - INFO - Class distribution: {1: 5556, 0: 5387}
2025-03-20 20:05:20,258 - DataLoader - INFO - Client 0 - Train samples: 2917, Test samples: 730
2025-03-20 20:05:20,258 - DataLoader - INFO - Client 0 - Train class distribution: {1: 1472, 0: 1445}
2025-03-20 20:05:20,258 - DataLoader - INFO - Client 0 - Test class distribution: {1: 378, 0: 352}
2025-03-20 20:05:20,260 - DataLoader - INFO - Client 1 - Train samples: 2918, Test samples: 730
2025-03-20 20:05:20,260 - DataLoader - INFO - Client 1 - Train class distribution: {1: 1498, 0: 1420}
2025-03-20 20:05:20,260 - DataLoader - INFO - Client 1 - Test class distribution: {1: 367, 0: 363}
2025-03-20 20:05:20,262 - DataLoader - INFO - Client 2 - Train samples: 2918, Test samples: 730
2025-03-20 20:05:20,262 - DataLoader - INFO - Client 2 - Train class distribution: {1: 1482, 0: 1436}
2025-03-20 20:05:20,263 - DataLoader - INFO - Client 2 - Test class distribution: {0: 371, 1: 359}
2025-03-20 20:05:20,263 - Client_0 - INFO - Client 0 - Starting with 2917 training samples, 730 testing samples
2025-03-20 20:05:20,677 - DataLoader - INFO - Total dataset size: 10943
2025-03-20 20:05:20,678 - DataLoader - INFO - Class distribution: {1: 5556, 0: 5387}
2025-03-20 20:05:20,685 - DataLoader - INFO - Client 0 - Train samples: 2917, Test samples: 730
2025-03-20 20:05:20,685 - DataLoader - INFO - Client 0 - Train class distribution: {1: 1472, 0: 1445}
2025-03-20 20:05:20,685 - DataLoader - INFO - Client 0 - Test class distribution: {1: 378, 0: 352}
2025-03-20 20:05:20,688 - DataLoader - INFO - Client 1 - Train samples: 2918, Test samples: 730
2025-03-20 20:05:20,689 - DataLoader - INFO - Client 1 - Train class distribution: {1: 1498, 0: 1420}
2025-03-20 20:05:20,689 - DataLoader - INFO - Client 1 - Test class distribution: {1: 367, 0: 363}
2025-03-20 20:05:20,693 - DataLoader - INFO - Client 2 - Train samples: 2918, Test samples: 730
2025-03-20 20:05:20,693 - DataLoader - INFO - Client 2 - Train class distribution: {1: 1482, 0: 1436}
2025-03-20 20:05:20,693 - DataLoader - INFO - Client 2 - Test class distribution: {0: 371, 1: 359}
2025-03-20 20:05:20,694 - Client_1 - INFO - Client 1 - Starting with 2918 training samples, 730 testing samples
2025-03-20 20:05:20,705 - Client_0 - INFO - Client 0 initialized on device: cpu
2025-03-20 20:05:20,705 - Client_0 - INFO - Client 0 - Training set size: 2917, Test set size: 730
2025-03-20 20:05:20,719 - flwr - INFO - Opened insecure gRPC connection (no certificates were passed)
2025-03-20 20:05:20,737 - flwr - DEBUG - ChannelConnectivity.IDLE
2025-03-20 20:05:20,738 - flwr - DEBUG - ChannelConnectivity.CONNECTING
2025-03-20 20:05:20,740 - flwr - DEBUG - ChannelConnectivity.READY
2025-03-20 20:05:21,085 - Client_1 - INFO - Client 1 initialized on device: cpu
2025-03-20 20:05:21,085 - Client_1 - INFO - Client 1 - Training set size: 2918, Test set size: 730
2025-03-20 20:05:21,125 - flwr - INFO - Opened insecure gRPC connection (no certificates were passed)
2025-03-20 20:05:21,143 - flwr - DEBUG - ChannelConnectivity.IDLE
2025-03-20 20:05:21,143 - flwr - DEBUG - ChannelConnectivity.CONNECTING
2025-03-20 20:05:21,145 - flwr - DEBUG - ChannelConnectivity.READY
2025-03-20 20:05:21,296 - flwr - INFO - Received initial parameters from one random client
2025-03-20 20:05:21,297 - flwr - INFO - Evaluating initial parameters
2025-03-20 20:05:21,556 - DataLoader - INFO - Total dataset size: 10943
2025-03-20 20:05:21,557 - DataLoader - INFO - Class distribution: {1: 5556, 0: 5387}
2025-03-20 20:05:21,562 - DataLoader - INFO - Client 0 - Train samples: 2917, Test samples: 730
2025-03-20 20:05:21,562 - DataLoader - INFO - Client 0 - Train class distribution: {1: 1472, 0: 1445}
2025-03-20 20:05:21,562 - DataLoader - INFO - Client 0 - Test class distribution: {1: 378, 0: 352}
2025-03-20 20:05:21,565 - DataLoader - INFO - Client 1 - Train samples: 2918, Test samples: 730
2025-03-20 20:05:21,565 - DataLoader - INFO - Client 1 - Train class distribution: {1: 1498, 0: 1420}
2025-03-20 20:05:21,565 - DataLoader - INFO - Client 1 - Test class distribution: {1: 367, 0: 363}
2025-03-20 20:05:21,567 - DataLoader - INFO - Client 2 - Train samples: 2918, Test samples: 730
2025-03-20 20:05:21,568 - DataLoader - INFO - Client 2 - Train class distribution: {1: 1482, 0: 1436}
2025-03-20 20:05:21,568 - DataLoader - INFO - Client 2 - Test class distribution: {0: 371, 1: 359}
2025-03-20 20:05:21,568 - Client_2 - INFO - Client 2 - Starting with 2918 training samples, 730 testing samples
2025-03-20 20:05:21,643 - Server - INFO - Server-side evaluation - Round 0 - Testing on 2190 samples
2025-03-20 20:05:21,866 - Client_2 - INFO - Client 2 initialized on device: cpu
2025-03-20 20:05:21,866 - Client_2 - INFO - Client 2 - Training set size: 2918, Test set size: 730
2025-03-20 20:05:21,879 - flwr - INFO - Opened insecure gRPC connection (no certificates were passed)
2025-03-20 20:05:21,895 - flwr - DEBUG - ChannelConnectivity.IDLE
2025-03-20 20:05:21,898 - flwr - DEBUG - ChannelConnectivity.CONNECTING
2025-03-20 20:05:21,901 - flwr - DEBUG - ChannelConnectivity.READY
2025-03-20 20:08:25,253 - Server - INFO - 
Server-side evaluation - Round 0
2025-03-20 20:08:25,253 - Server - INFO - Loss: 0.7480
2025-03-20 20:08:25,253 - Server - INFO - Accuracy: 0.4968, F1: 0.3379, Precision: 0.5234, Recall: 0.4968
2025-03-20 20:08:25,253 - Server - INFO - True class distribution: {0: 1086, 1: 1104}
2025-03-20 20:08:25,253 - Server - INFO - Prediction distribution: {0: 2170, 1: 20}
2025-03-20 20:08:25,253 - Server - INFO - 
Confusion Matrix:
2025-03-20 20:08:25,270 - Server - INFO - 
[[1077    9]
 [1093   11]]
2025-03-20 20:08:25,270 - Server - INFO - 
Classification Report:
2025-03-20 20:08:25,283 - Server - INFO - 
              precision    recall  f1-score   support

           0       0.50      0.99      0.66      1086
           1       0.55      0.01      0.02      1104

    accuracy                           0.50      2190
   macro avg       0.52      0.50      0.34      2190
weighted avg       0.52      0.50      0.34      2190

2025-03-20 20:08:25,394 - Server - INFO - Model saved after round 0
2025-03-20 20:08:25,397 - flwr - INFO - initial parameters (loss, other metrics): 0.7479736891345702, {'accuracy': 0.4968036529680365, 'f1': 0.33792217939100405, 'precision': 0.5233773120383813, 'recall': 0.4968036529680365}
2025-03-20 20:08:25,397 - flwr - INFO - FL starting
2025-03-20 20:08:25,397 - flwr - DEBUG - fit_round 1: strategy sampled 3 clients (out of 3)
2025-03-20 20:08:26,333 - Client_2 - INFO - 
Client 2 - Starting training round
2025-03-20 20:08:26,333 - Client_2 - INFO - Client 2 - Training on 2918 samples
2025-03-20 20:08:26,411 - Client_0 - INFO - 
Client 0 - Starting training round
2025-03-20 20:08:26,411 - Client_0 - INFO - Client 0 - Training on 2917 samples
2025-03-20 20:08:26,458 - Client_1 - INFO - 
Client 1 - Starting training round
2025-03-20 20:08:26,458 - Client_1 - INFO - Client 1 - Training on 2918 samples
2025-03-20 20:08:39,152 - Client_1 - INFO - Client 1 - Epoch 0 - Batch 0/92 - Loss: 0.7394
2025-03-20 20:08:39,152 - Client_2 - INFO - Client 2 - Epoch 0 - Batch 0/92 - Loss: 0.6631
2025-03-20 20:08:39,357 - Client_0 - INFO - Client 0 - Epoch 0 - Batch 0/92 - Loss: 0.7899
2025-03-20 20:10:46,220 - Client_2 - INFO - Client 2 - Epoch 0 - Batch 10/92 - Loss: 0.1438
2025-03-20 20:10:46,321 - Client_1 - INFO - Client 1 - Epoch 0 - Batch 10/92 - Loss: 0.7923
2025-03-20 20:10:46,765 - Client_0 - INFO - Client 0 - Epoch 0 - Batch 10/92 - Loss: 0.2501
2025-03-20 20:11:57,749 - Client_1 - INFO - Client 1 - Epoch 0 - Batch 20/92 - Loss: 0.3924
2025-03-20 20:11:58,394 - Client_2 - INFO - Client 2 - Epoch 0 - Batch 20/92 - Loss: 0.4563
2025-03-20 20:11:59,992 - Client_0 - INFO - Client 0 - Epoch 0 - Batch 20/92 - Loss: 0.2614
2025-03-20 20:12:44,406 - flwr - DEBUG - gRPC channel closed
2025-03-20 20:12:44,413 - flwr - DEBUG - gRPC channel closed
2025-03-20 20:12:44,506 - flwr - DEBUG - gRPC channel closed
